Using pre-set license
Built from '2021.3/staging' branch; Version is '2021.3.14f1 (eee1884e7226) revision 15655304'; Using compiler version '192829333'; Build Type 'Release'
OS: 'Windows 10  (10.0.19045) 64bit Education' Language: 'ko' Physical Memory: 16318 MB
BatchMode: 1, IsHumanControllingUs: 0, StartBugReporterOnCrash: 0, Is64bit: 1, IsPro: 1

COMMAND LINE ARGUMENTS:
C:\Program Files\Unity\Hub\Editor\2021.3.14f1\Editor\Unity.exe
-adb2
-batchMode
-noUpm
-name
AssetImportWorker4
-projectPath
C:/Users/Administrator/Desktop/C-Sharp-Language/Tutorial
-logFile
Logs/AssetImportWorker4.log
-srvPort
57200
Successfully changed project path to: C:/Users/Administrator/Desktop/C-Sharp-Language/Tutorial
C:/Users/Administrator/Desktop/C-Sharp-Language/Tutorial
[UnityMemory] Configuration Parameters - Can be set up in boot.config
    "memorysetup-bucket-allocator-granularity=16"
    "memorysetup-bucket-allocator-bucket-count=8"
    "memorysetup-bucket-allocator-block-size=33554432"
    "memorysetup-bucket-allocator-block-count=8"
    "memorysetup-main-allocator-block-size=16777216"
    "memorysetup-thread-allocator-block-size=16777216"
    "memorysetup-gfx-main-allocator-block-size=16777216"
    "memorysetup-gfx-thread-allocator-block-size=16777216"
    "memorysetup-cache-allocator-block-size=4194304"
    "memorysetup-typetree-allocator-block-size=2097152"
    "memorysetup-profiler-bucket-allocator-granularity=16"
    "memorysetup-profiler-bucket-allocator-bucket-count=8"
    "memorysetup-profiler-bucket-allocator-block-size=33554432"
    "memorysetup-profiler-bucket-allocator-block-count=8"
    "memorysetup-profiler-allocator-block-size=16777216"
    "memorysetup-profiler-editor-allocator-block-size=1048576"
    "memorysetup-temp-allocator-size-main=16777216"
    "memorysetup-job-temp-allocator-block-size=2097152"
    "memorysetup-job-temp-allocator-block-size-background=1048576"
    "memorysetup-job-temp-allocator-reduction-small-platforms=262144"
    "memorysetup-temp-allocator-size-background-worker=32768"
    "memorysetup-temp-allocator-size-job-worker=262144"
    "memorysetup-temp-allocator-size-preload-manager=33554432"
    "memorysetup-temp-allocator-size-nav-mesh-worker=65536"
    "memorysetup-temp-allocator-size-audio-worker=65536"
    "memorysetup-temp-allocator-size-cloud-worker=32768"
    "memorysetup-temp-allocator-size-gi-baking-worker=262144"
    "memorysetup-temp-allocator-size-gfx=262144"
Refreshing native plugins compatible for Editor in 102.43 ms, found 3 plugins.
Preloading 0 native plugins for Editor in 0.00 ms.
Initialize engine version: 2021.3.14f1 (eee1884e7226)
[Subsystems] Discovering subsystems at path C:/Program Files/Unity/Hub/Editor/2021.3.14f1/Editor/Data/Resources/UnitySubsystems
[Subsystems] Discovering subsystems at path C:/Users/Administrator/Desktop/C-Sharp-Language/Tutorial/Assets
GfxDevice: creating device client; threaded=0; jobified=0
Direct3D:
    Version:  Direct3D 11.0 [level 11.1]
    Renderer: NVIDIA GeForce GTX 1660 (ID=0x2184)
    Vendor:   NVIDIA
    VRAM:     5980 MB
    Driver:   31.0.15.3623
Initialize mono
Mono path[0] = 'C:/Program Files/Unity/Hub/Editor/2021.3.14f1/Editor/Data/Managed'
Mono path[1] = 'C:/Program Files/Unity/Hub/Editor/2021.3.14f1/Editor/Data/MonoBleedingEdge/lib/mono/unityjit-win32'
Mono config path = 'C:/Program Files/Unity/Hub/Editor/2021.3.14f1/Editor/Data/MonoBleedingEdge/etc'
Using monoOptions --debugger-agent=transport=dt_socket,embedding=1,server=y,suspend=n,address=127.0.0.1:56660
Begin MonoManager ReloadAssembly
Registering precompiled unity dll's ...
Register platform support module: C:/Program Files/Unity/Hub/Editor/2021.3.14f1/Editor/Data/PlaybackEngines/AndroidPlayer/UnityEditor.Android.Extensions.dll
Register platform support module: C:/Program Files/Unity/Hub/Editor/2021.3.14f1/Editor/Data/PlaybackEngines/WindowsStandaloneSupport/UnityEditor.WindowsStandalone.Extensions.dll
Registered in 0.009031 seconds.
Native extension for WindowsStandalone target not found
Native extension for Android target not found
Refreshing native plugins compatible for Editor in 80.66 ms, found 3 plugins.
Preloading 0 native plugins for Editor in 0.00 ms.
Mono: successfully reloaded assembly
- Completed reload, in  0.658 seconds
Domain Reload Profiling:
	ReloadAssembly (658ms)
		BeginReloadAssembly (76ms)
			ExecutionOrderSort (0ms)
			DisableScriptedObjects (0ms)
			BackupInstance (0ms)
			ReleaseScriptingObjects (0ms)
			CreateAndSetChildDomain (1ms)
		EndReloadAssembly (473ms)
			LoadAssemblies (74ms)
			RebuildTransferFunctionScriptingTraits (0ms)
			SetupTypeCache (102ms)
			ReleaseScriptCaches (0ms)
			RebuildScriptCaches (30ms)
			SetupLoadedEditorAssemblies (292ms)
				LogAssemblyErrors (0ms)
				InitializePlatformSupportModulesInManaged (55ms)
				SetLoadedEditorAssemblies (0ms)
				RefreshPlugins (81ms)
				BeforeProcessingInitializeOnLoad (1ms)
				ProcessInitializeOnLoadAttributes (109ms)
				ProcessInitializeOnLoadMethodAttributes (46ms)
				AfterProcessingInitializeOnLoad (0ms)
				EditorAssembliesLoaded (0ms)
			ExecutionOrderSort2 (0ms)
			AwakeInstancesAfterBackupRestoration (0ms)
Platform modules already initialized, skipping
Registering precompiled user dll's ...
Registered in 0.006265 seconds.
Begin MonoManager ReloadAssembly
Symbol file LoadedFromMemory doesn't match image C:\Users\Administrator\Desktop\C-Sharp-Language\Tutorial\Library\PackageCache\com.unity.visualscripting@1.7.8\Editor\VisualScripting.Core\Dependencies\YamlDotNet\Unity.VisualScripting.YamlDotNet.dll
Symbol file LoadedFromMemory doesn't match image C:\Users\Administrator\Desktop\C-Sharp-Language\Tutorial\Library\PackageCache\com.unity.visualscripting@1.7.8\Editor\VisualScripting.Core\Dependencies\DotNetZip\Unity.VisualScripting.IonicZip.dll
Native extension for WindowsStandalone target not found
Native extension for Android target not found
Refreshing native plugins compatible for Editor in 0.62 ms, found 3 plugins.
Preloading 0 native plugins for Editor in 0.00 ms.
Mono: successfully reloaded assembly
- Completed reload, in  1.106 seconds
Domain Reload Profiling:
	ReloadAssembly (1108ms)
		BeginReloadAssembly (211ms)
			ExecutionOrderSort (0ms)
			DisableScriptedObjects (6ms)
			BackupInstance (0ms)
			ReleaseScriptingObjects (0ms)
			CreateAndSetChildDomain (120ms)
		EndReloadAssembly (788ms)
			LoadAssemblies (86ms)
			RebuildTransferFunctionScriptingTraits (0ms)
			SetupTypeCache (254ms)
			ReleaseScriptCaches (1ms)
			RebuildScriptCaches (51ms)
			SetupLoadedEditorAssemblies (362ms)
				LogAssemblyErrors (0ms)
				InitializePlatformSupportModulesInManaged (15ms)
				SetLoadedEditorAssemblies (0ms)
				RefreshPlugins (1ms)
				BeforeProcessingInitializeOnLoad (96ms)
				ProcessInitializeOnLoadAttributes (218ms)
				ProcessInitializeOnLoadMethodAttributes (24ms)
				AfterProcessingInitializeOnLoad (8ms)
				EditorAssembliesLoaded (0ms)
			ExecutionOrderSort2 (0ms)
			AwakeInstancesAfterBackupRestoration (7ms)
Platform modules already initialized, skipping
========================================================================
Worker process is ready to serve import requests
Launched and connected shader compiler UnityShaderCompiler.exe after 0.04 seconds
Refreshing native plugins compatible for Editor in 0.53 ms, found 3 plugins.
Preloading 0 native plugins for Editor in 0.00 ms.
Unloading 3359 Unused Serialized files (Serialized files now loaded: 0)
Unloading 27 unused Assets / (114.7 KB). Loaded Objects now: 3837.
Memory consumption went from 133.6 MB to 133.5 MB.
Total: 3.338800 ms (FindLiveObjects: 0.303900 ms CreateObjectMapping: 0.214500 ms MarkObjects: 2.688600 ms  DeleteObjects: 0.131100 ms)

AssetImportParameters requested are different than current active one (requested -> active):
  custom:video-decoder-ogg-theora: a1e56fd34408186e4bbccfd4996cb3dc -> 
  custom:container-muxer-webm: aa71ff27fc2769a1b78a27578f13a17b -> 
  custom:container-demuxer-webm: 4f35f7cbe854078d1ac9338744f61a02 -> 
  custom:video-encoder-webm-vp8: eb34c28f22e8b96e1ab97ce403110664 -> 
  custom:audio-encoder-webm-vorbis: bf7c407c2cedff20999df2af8eb42d56 -> 
  custom:framework-win-MediaFoundation: 216162199b28c13a410421893ffa2e32 -> 
  custom:container-demuxer-ogg: 62fdf1f143b41e24485cea50d1cbac27 -> 
  custom:video-decoder-webm-vp8: 9c59270c3fd7afecdb556c50c9e8de78 -> 
  custom:audio-decoder-ogg-vorbis: bf7c407c2cedff20999df2af8eb42d56 -> 
========================================================================
Received Import Request.
  Time since last request: 791193.093852 seconds.
  path: Assets/Instantiate/RPG Monster DUO PBR Polyart/Animations/Slime/Run_Slime_Anim.fbx
  artifactKey: Guid(373e018c84074eaca27e94e2b90039bb) Importer(815301076,1909f56bfc062723c751e8b465ee728b)
Start importing Assets/Instantiate/RPG Monster DUO PBR Polyart/Animations/Slime/Run_Slime_Anim.fbx using Guid(373e018c84074eaca27e94e2b90039bb) Importer(815301076,1909f56bfc062723c751e8b465ee728b)  -> (artifact id: '74927744ff199c915bcdf74e1ff4e631') in 0.154606 seconds 
========================================================================
Received Import Request.
  Time since last request: 3.154234 seconds.
  path: Assets/Instantiate/RPG Monster DUO PBR Polyart/Animations/Slime/RUN.fbx
  artifactKey: Guid(373e018c84074eaca27e94e2b90039bb) Importer(815301076,1909f56bfc062723c751e8b465ee728b)
Start importing Assets/Instantiate/RPG Monster DUO PBR Polyart/Animations/Slime/RUN.fbx using Guid(373e018c84074eaca27e94e2b90039bb) Importer(815301076,1909f56bfc062723c751e8b465ee728b)  -> (artifact id: 'afff4e7348dde2f8e60ecf804ade0f63') in 0.022511 seconds 
========================================================================
Received Import Request.
  Time since last request: 29.164510 seconds.
  path: Assets/Instantiate/RPG Monster DUO PBR Polyart/Animations/Slime/Attack.fbx
  artifactKey: Guid(b2c5dad1c2b246f48024751ad65ef02b) Importer(815301076,1909f56bfc062723c751e8b465ee728b)
Start importing Assets/Instantiate/RPG Monster DUO PBR Polyart/Animations/Slime/Attack.fbx using Guid(b2c5dad1c2b246f48024751ad65ef02b) Importer(815301076,1909f56bfc062723c751e8b465ee728b)  -> (artifact id: '15efa5e42b253388d22ecdd9ef40d121') in 0.034554 seconds 
========================================================================
Received Import Request.
  Time since last request: 5.014631 seconds.
  path: Assets/Instantiate/RPG Monster DUO PBR Polyart/Animations/Slime/Attack.fbx
  artifactKey: Guid(b2c5dad1c2b246f48024751ad65ef02b) Importer(815301076,1909f56bfc062723c751e8b465ee728b)
Start importing Assets/Instantiate/RPG Monster DUO PBR Polyart/Animations/Slime/Attack.fbx using Guid(b2c5dad1c2b246f48024751ad65ef02b) Importer(815301076,1909f56bfc062723c751e8b465ee728b)  -> (artifact id: '83d141df93eb7d1b45880948f2ac343b') in 0.023286 seconds 
========================================================================
Received Import Request.
  Time since last request: 6.563928 seconds.
  path: Assets/Instantiate/RPG Monster DUO PBR Polyart/Animations/Slime/ATTACK.fbx
  artifactKey: Guid(b2c5dad1c2b246f48024751ad65ef02b) Importer(815301076,1909f56bfc062723c751e8b465ee728b)
Start importing Assets/Instantiate/RPG Monster DUO PBR Polyart/Animations/Slime/ATTACK.fbx using Guid(b2c5dad1c2b246f48024751ad65ef02b) Importer(815301076,1909f56bfc062723c751e8b465ee728b)  -> (artifact id: 'f6038f3b236479e95b09c42763f0ec8a') in 0.028205 seconds 
========================================================================
Received Import Request.
  Time since last request: 15.267011 seconds.
  path: Assets/Instantiate/RPG Monster DUO PBR Polyart/Animations/Slime/ATTACK.fbx
  artifactKey: Guid(b2c5dad1c2b246f48024751ad65ef02b) Importer(815301076,1909f56bfc062723c751e8b465ee728b)
Start importing Assets/Instantiate/RPG Monster DUO PBR Polyart/Animations/Slime/ATTACK.fbx using Guid(b2c5dad1c2b246f48024751ad65ef02b) Importer(815301076,1909f56bfc062723c751e8b465ee728b)  -> (artifact id: 'd7cfc24639e8d8a708a6a8fface1001c') in 0.020557 seconds 
========================================================================
Received Import Request.
  Time since last request: 10.059486 seconds.
  path: Assets/Instantiate/RPG Monster DUO PBR Polyart/Animations/Slime/DIE.fbx
  artifactKey: Guid(35bb20ecf5de4fdd8dcd8e28e4053f3d) Importer(815301076,1909f56bfc062723c751e8b465ee728b)
Start importing Assets/Instantiate/RPG Monster DUO PBR Polyart/Animations/Slime/DIE.fbx using Guid(35bb20ecf5de4fdd8dcd8e28e4053f3d) Importer(815301076,1909f56bfc062723c751e8b465ee728b)  -> (artifact id: 'e5236bbeb50c75a459c67961d03a31a5') in 0.019874 seconds 
========================================================================
Received Import Request.
  Time since last request: 4.135622 seconds.
  path: Assets/Instantiate/RPG Monster DUO PBR Polyart/Animations/Slime/DIE.fbx
  artifactKey: Guid(35bb20ecf5de4fdd8dcd8e28e4053f3d) Importer(815301076,1909f56bfc062723c751e8b465ee728b)
Start importing Assets/Instantiate/RPG Monster DUO PBR Polyart/Animations/Slime/DIE.fbx using Guid(35bb20ecf5de4fdd8dcd8e28e4053f3d) Importer(815301076,1909f56bfc062723c751e8b465ee728b)  -> (artifact id: '790fe5e4dffd1931faf9efb91eebb414') in 0.021902 seconds 
========================================================================
Received Import Request.
  Time since last request: 232.906378 seconds.
  path: Assets/Instantiate/Animator/Slime Animator.overrideController
  artifactKey: Guid(7f9b5fe1338d2cb4799cba325166e4f9) Importer(815301076,1909f56bfc062723c751e8b465ee728b)
Start importing Assets/Instantiate/Animator/Slime Animator.overrideController using Guid(7f9b5fe1338d2cb4799cba325166e4f9) Importer(815301076,1909f56bfc062723c751e8b465ee728b)  -> (artifact id: 'd0f4959116c3dc18fa181fc63b887e8a') in 0.010366 seconds 
========================================================================
Received Import Request.
  Time since last request: 129.740795 seconds.
  path: Assets/Instantiate/Animator/Turtle Animator.overrideController
  artifactKey: Guid(3b0c2ee31492fa445aee83e92e27cd81) Importer(815301076,1909f56bfc062723c751e8b465ee728b)
Start importing Assets/Instantiate/Animator/Turtle Animator.overrideController using Guid(3b0c2ee31492fa445aee83e92e27cd81) Importer(815301076,1909f56bfc062723c751e8b465ee728b)  -> (artifact id: 'ce3a2cec78907b35f88be171911476cc') in 0.007139 seconds 
========================================================================
Received Import Request.
  Time since last request: 142.346810 seconds.
  path: Assets/Instantiate/RPG Monster DUO PBR Polyart/Animations/TurtleShell/ATTACK.fbx
  artifactKey: Guid(832e69c20e884e0790dae5ee86441a63) Importer(815301076,1909f56bfc062723c751e8b465ee728b)
Start importing Assets/Instantiate/RPG Monster DUO PBR Polyart/Animations/TurtleShell/ATTACK.fbx using Guid(832e69c20e884e0790dae5ee86441a63) Importer(815301076,1909f56bfc062723c751e8b465ee728b)  -> (artifact id: '7fa5b139c1c4459a8f58a36a5260efc0') in 0.023453 seconds 
========================================================================
Received Import Request.
  Time since last request: 16.896224 seconds.
  path: Assets/Instantiate/RPG Monster DUO PBR Polyart/Animations/TurtleShell/ATTACK.fbx
  artifactKey: Guid(832e69c20e884e0790dae5ee86441a63) Importer(815301076,1909f56bfc062723c751e8b465ee728b)
Start importing Assets/Instantiate/RPG Monster DUO PBR Polyart/Animations/TurtleShell/ATTACK.fbx using Guid(832e69c20e884e0790dae5ee86441a63) Importer(815301076,1909f56bfc062723c751e8b465ee728b)  -> (artifact id: '84a896cfce627eb80b7992b7dc0cf915') in 0.020222 seconds 
========================================================================
Received Import Request.
  Time since last request: 11.265105 seconds.
  path: Assets/Instantiate/RPG Monster DUO PBR Polyart/Animations/TurtleShell/DIE.fbx
  artifactKey: Guid(b5feebd3cb9a4b82aa44801bbe7548bb) Importer(815301076,1909f56bfc062723c751e8b465ee728b)
Start importing Assets/Instantiate/RPG Monster DUO PBR Polyart/Animations/TurtleShell/DIE.fbx using Guid(b5feebd3cb9a4b82aa44801bbe7548bb) Importer(815301076,1909f56bfc062723c751e8b465ee728b)  -> (artifact id: '70aa117851dfbacf56cd79f23629f540') in 0.025689 seconds 
========================================================================
Received Import Request.
  Time since last request: 4.016586 seconds.
  path: Assets/Instantiate/RPG Monster DUO PBR Polyart/Animations/TurtleShell/DIE.fbx
  artifactKey: Guid(b5feebd3cb9a4b82aa44801bbe7548bb) Importer(815301076,1909f56bfc062723c751e8b465ee728b)
Start importing Assets/Instantiate/RPG Monster DUO PBR Polyart/Animations/TurtleShell/DIE.fbx using Guid(b5feebd3cb9a4b82aa44801bbe7548bb) Importer(815301076,1909f56bfc062723c751e8b465ee728b)  -> (artifact id: '7b0c32cceaf1547ac494943380c60bcf') in 0.026381 seconds 
========================================================================
Received Import Request.
  Time since last request: 8.988000 seconds.
  path: Assets/Instantiate/RPG Monster DUO PBR Polyart/Animations/TurtleShell/Run_TurtleShell_Anim.fbx
  artifactKey: Guid(60dd7ef4512a4404896e945d3004f2b6) Importer(815301076,1909f56bfc062723c751e8b465ee728b)
Start importing Assets/Instantiate/RPG Monster DUO PBR Polyart/Animations/TurtleShell/Run_TurtleShell_Anim.fbx using Guid(60dd7ef4512a4404896e945d3004f2b6) Importer(815301076,1909f56bfc062723c751e8b465ee728b)  -> (artifact id: '00a0afb7a32a48b597b5475f28f1a27f') in 0.025565 seconds 
========================================================================
Received Import Request.
  Time since last request: 3.207400 seconds.
  path: Assets/Instantiate/RPG Monster DUO PBR Polyart/Animations/TurtleShell/RUN.fbx
  artifactKey: Guid(60dd7ef4512a4404896e945d3004f2b6) Importer(815301076,1909f56bfc062723c751e8b465ee728b)
Start importing Assets/Instantiate/RPG Monster DUO PBR Polyart/Animations/TurtleShell/RUN.fbx using Guid(60dd7ef4512a4404896e945d3004f2b6) Importer(815301076,1909f56bfc062723c751e8b465ee728b)  -> (artifact id: '313b2c26a7748657ab6345e8cc7e31a1') in 0.020558 seconds 
========================================================================
Received Prepare
Registering precompiled user dll's ...
Registered in 0.005901 seconds.
Begin MonoManager ReloadAssembly
Symbol file LoadedFromMemory doesn't match image C:\Users\Administrator\Desktop\C-Sharp-Language\Tutorial\Library\PackageCache\com.unity.visualscripting@1.7.8\Editor\VisualScripting.Core\Dependencies\YamlDotNet\Unity.VisualScripting.YamlDotNet.dll
Symbol file LoadedFromMemory doesn't match image C:\Users\Administrator\Desktop\C-Sharp-Language\Tutorial\Library\PackageCache\com.unity.visualscripting@1.7.8\Editor\VisualScripting.Core\Dependencies\DotNetZip\Unity.VisualScripting.IonicZip.dll
Native extension for WindowsStandalone target not found
Native extension for Android target not found
Refreshing native plugins compatible for Editor in 0.57 ms, found 3 plugins.
Preloading 0 native plugins for Editor in 0.00 ms.
Mono: successfully reloaded assembly
- Completed reload, in  1.053 seconds
Domain Reload Profiling:
	ReloadAssembly (1053ms)
		BeginReloadAssembly (146ms)
			ExecutionOrderSort (0ms)
			DisableScriptedObjects (5ms)
			BackupInstance (0ms)
			ReleaseScriptingObjects (0ms)
			CreateAndSetChildDomain (39ms)
		EndReloadAssembly (790ms)
			LoadAssemblies (105ms)
			RebuildTransferFunctionScriptingTraits (0ms)
			SetupTypeCache (252ms)
			ReleaseScriptCaches (1ms)
			RebuildScriptCaches (40ms)
			SetupLoadedEditorAssemblies (358ms)
				LogAssemblyErrors (0ms)
				InitializePlatformSupportModulesInManaged (23ms)
				SetLoadedEditorAssemblies (0ms)
				RefreshPlugins (1ms)
				BeforeProcessingInitializeOnLoad (72ms)
				ProcessInitializeOnLoadAttributes (229ms)
				ProcessInitializeOnLoadMethodAttributes (22ms)
				AfterProcessingInitializeOnLoad (9ms)
				EditorAssembliesLoaded (0ms)
			ExecutionOrderSort2 (0ms)
			AwakeInstancesAfterBackupRestoration (9ms)
Platform modules already initialized, skipping
Refreshing native plugins compatible for Editor in 1.75 ms, found 3 plugins.
Preloading 0 native plugins for Editor in 0.00 ms.
Unloading 3352 Unused Serialized files (Serialized files now loaded: 0)
Unloading 20 unused Assets / (81.5 KB). Loaded Objects now: 3853.
Memory consumption went from 150.6 MB to 150.5 MB.
Total: 3.995500 ms (FindLiveObjects: 0.344100 ms CreateObjectMapping: 0.213600 ms MarkObjects: 3.273400 ms  DeleteObjects: 0.163200 ms)

AssetImportParameters requested are different than current active one (requested -> active):
  custom:video-decoder-ogg-theora: a1e56fd34408186e4bbccfd4996cb3dc -> 
  custom:container-muxer-webm: aa71ff27fc2769a1b78a27578f13a17b -> 
  custom:container-demuxer-webm: 4f35f7cbe854078d1ac9338744f61a02 -> 
  custom:video-encoder-webm-vp8: eb34c28f22e8b96e1ab97ce403110664 -> 
  custom:audio-encoder-webm-vorbis: bf7c407c2cedff20999df2af8eb42d56 -> 
  custom:framework-win-MediaFoundation: 216162199b28c13a410421893ffa2e32 -> 
  custom:container-demuxer-ogg: 62fdf1f143b41e24485cea50d1cbac27 -> 
  custom:video-decoder-webm-vp8: 9c59270c3fd7afecdb556c50c9e8de78 -> 
  custom:audio-decoder-ogg-vorbis: bf7c407c2cedff20999df2af8eb42d56 -> 
========================================================================
Received Prepare
Registering precompiled user dll's ...
Registered in 0.005856 seconds.
Begin MonoManager ReloadAssembly
Symbol file LoadedFromMemory doesn't match image C:\Users\Administrator\Desktop\C-Sharp-Language\Tutorial\Library\PackageCache\com.unity.visualscripting@1.7.8\Editor\VisualScripting.Core\Dependencies\YamlDotNet\Unity.VisualScripting.YamlDotNet.dll
Symbol file LoadedFromMemory doesn't match image C:\Users\Administrator\Desktop\C-Sharp-Language\Tutorial\Library\PackageCache\com.unity.visualscripting@1.7.8\Editor\VisualScripting.Core\Dependencies\DotNetZip\Unity.VisualScripting.IonicZip.dll
Native extension for WindowsStandalone target not found
Native extension for Android target not found
Refreshing native plugins compatible for Editor in 0.83 ms, found 3 plugins.
Preloading 0 native plugins for Editor in 0.00 ms.
Mono: successfully reloaded assembly
- Completed reload, in  1.157 seconds
Domain Reload Profiling:
	ReloadAssembly (1158ms)
		BeginReloadAssembly (139ms)
			ExecutionOrderSort (0ms)
			DisableScriptedObjects (6ms)
			BackupInstance (0ms)
			ReleaseScriptingObjects (0ms)
			CreateAndSetChildDomain (37ms)
		EndReloadAssembly (917ms)
			LoadAssemblies (93ms)
			RebuildTransferFunctionScriptingTraits (0ms)
			SetupTypeCache (304ms)
			ReleaseScriptCaches (1ms)
			RebuildScriptCaches (51ms)
			SetupLoadedEditorAssemblies (404ms)
				LogAssemblyErrors (0ms)
				InitializePlatformSupportModulesInManaged (28ms)
				SetLoadedEditorAssemblies (1ms)
				RefreshPlugins (1ms)
				BeforeProcessingInitializeOnLoad (91ms)
				ProcessInitializeOnLoadAttributes (246ms)
				ProcessInitializeOnLoadMethodAttributes (27ms)
				AfterProcessingInitializeOnLoad (10ms)
				EditorAssembliesLoaded (0ms)
			ExecutionOrderSort2 (0ms)
			AwakeInstancesAfterBackupRestoration (9ms)
Platform modules already initialized, skipping
Refreshing native plugins compatible for Editor in 2.54 ms, found 3 plugins.
Preloading 0 native plugins for Editor in 0.00 ms.
Unloading 3352 Unused Serialized files (Serialized files now loaded: 0)
Unloading 20 unused Assets / (81.6 KB). Loaded Objects now: 3856.
Memory consumption went from 150.6 MB to 150.5 MB.
Total: 3.774700 ms (FindLiveObjects: 0.295300 ms CreateObjectMapping: 0.176500 ms MarkObjects: 3.050900 ms  DeleteObjects: 0.251000 ms)

AssetImportParameters requested are different than current active one (requested -> active):
  custom:video-decoder-ogg-theora: a1e56fd34408186e4bbccfd4996cb3dc -> 
  custom:container-muxer-webm: aa71ff27fc2769a1b78a27578f13a17b -> 
  custom:container-demuxer-webm: 4f35f7cbe854078d1ac9338744f61a02 -> 
  custom:video-encoder-webm-vp8: eb34c28f22e8b96e1ab97ce403110664 -> 
  custom:audio-encoder-webm-vorbis: bf7c407c2cedff20999df2af8eb42d56 -> 
  custom:framework-win-MediaFoundation: 216162199b28c13a410421893ffa2e32 -> 
  custom:container-demuxer-ogg: 62fdf1f143b41e24485cea50d1cbac27 -> 
  custom:video-decoder-webm-vp8: 9c59270c3fd7afecdb556c50c9e8de78 -> 
  custom:audio-decoder-ogg-vorbis: bf7c407c2cedff20999df2af8eb42d56 -> 
========================================================================
Received Import Request.
  Time since last request: 1157.515849 seconds.
  path: Assets/Instantiate/Animator/Slime Animator.overrideController
  artifactKey: Guid(7f9b5fe1338d2cb4799cba325166e4f9) Importer(815301076,1909f56bfc062723c751e8b465ee728b)
Start importing Assets/Instantiate/Animator/Slime Animator.overrideController using Guid(7f9b5fe1338d2cb4799cba325166e4f9) Importer(815301076,1909f56bfc062723c751e8b465ee728b)  -> (artifact id: '39a11452ed74a54b94fa717a5882e0b5') in 0.031998 seconds 
