Using pre-set license
Built from '2021.3/staging' branch; Version is '2021.3.14f1 (eee1884e7226) revision 15655304'; Using compiler version '192829333'; Build Type 'Release'
OS: 'Windows 10  (10.0.19045) 64bit Education' Language: 'ko' Physical Memory: 16318 MB
BatchMode: 1, IsHumanControllingUs: 0, StartBugReporterOnCrash: 0, Is64bit: 1, IsPro: 1

COMMAND LINE ARGUMENTS:
C:\Program Files\Unity\Hub\Editor\2021.3.14f1\Editor\Unity.exe
-adb2
-batchMode
-noUpm
-name
AssetImportWorker1
-projectPath
C:/Users/Administrator/Desktop/Tutorial
-logFile
Logs/AssetImportWorker1.log
-srvPort
62443
Successfully changed project path to: C:/Users/Administrator/Desktop/Tutorial
C:/Users/Administrator/Desktop/Tutorial
[UnityMemory] Configuration Parameters - Can be set up in boot.config
    "memorysetup-bucket-allocator-granularity=16"
    "memorysetup-bucket-allocator-bucket-count=8"
    "memorysetup-bucket-allocator-block-size=33554432"
    "memorysetup-bucket-allocator-block-count=8"
    "memorysetup-main-allocator-block-size=16777216"
    "memorysetup-thread-allocator-block-size=16777216"
    "memorysetup-gfx-main-allocator-block-size=16777216"
    "memorysetup-gfx-thread-allocator-block-size=16777216"
    "memorysetup-cache-allocator-block-size=4194304"
    "memorysetup-typetree-allocator-block-size=2097152"
    "memorysetup-profiler-bucket-allocator-granularity=16"
    "memorysetup-profiler-bucket-allocator-bucket-count=8"
    "memorysetup-profiler-bucket-allocator-block-size=33554432"
    "memorysetup-profiler-bucket-allocator-block-count=8"
    "memorysetup-profiler-allocator-block-size=16777216"
    "memorysetup-profiler-editor-allocator-block-size=1048576"
    "memorysetup-temp-allocator-size-main=16777216"
    "memorysetup-job-temp-allocator-block-size=2097152"
    "memorysetup-job-temp-allocator-block-size-background=1048576"
    "memorysetup-job-temp-allocator-reduction-small-platforms=262144"
    "memorysetup-temp-allocator-size-background-worker=32768"
    "memorysetup-temp-allocator-size-job-worker=262144"
    "memorysetup-temp-allocator-size-preload-manager=33554432"
    "memorysetup-temp-allocator-size-nav-mesh-worker=65536"
    "memorysetup-temp-allocator-size-audio-worker=65536"
    "memorysetup-temp-allocator-size-cloud-worker=32768"
    "memorysetup-temp-allocator-size-gi-baking-worker=262144"
    "memorysetup-temp-allocator-size-gfx=262144"
Refreshing native plugins compatible for Editor in 79.77 ms, found 3 plugins.
Preloading 0 native plugins for Editor in 0.00 ms.
Initialize engine version: 2021.3.14f1 (eee1884e7226)
[Subsystems] Discovering subsystems at path C:/Program Files/Unity/Hub/Editor/2021.3.14f1/Editor/Data/Resources/UnitySubsystems
[Subsystems] Discovering subsystems at path C:/Users/Administrator/Desktop/Tutorial/Assets
GfxDevice: creating device client; threaded=0; jobified=0
Direct3D:
    Version:  Direct3D 11.0 [level 11.1]
    Renderer: NVIDIA GeForce GTX 1660 (ID=0x2184)
    Vendor:   NVIDIA
    VRAM:     5980 MB
    Driver:   31.0.15.3623
Initialize mono
Mono path[0] = 'C:/Program Files/Unity/Hub/Editor/2021.3.14f1/Editor/Data/Managed'
Mono path[1] = 'C:/Program Files/Unity/Hub/Editor/2021.3.14f1/Editor/Data/MonoBleedingEdge/lib/mono/unityjit-win32'
Mono config path = 'C:/Program Files/Unity/Hub/Editor/2021.3.14f1/Editor/Data/MonoBleedingEdge/etc'
Using monoOptions --debugger-agent=transport=dt_socket,embedding=1,server=y,suspend=n,address=127.0.0.1:56736
Begin MonoManager ReloadAssembly
Registering precompiled unity dll's ...
Register platform support module: C:/Program Files/Unity/Hub/Editor/2021.3.14f1/Editor/Data/PlaybackEngines/AndroidPlayer/UnityEditor.Android.Extensions.dll
Register platform support module: C:/Program Files/Unity/Hub/Editor/2021.3.14f1/Editor/Data/PlaybackEngines/WindowsStandaloneSupport/UnityEditor.WindowsStandalone.Extensions.dll
Registered in 0.009445 seconds.
Native extension for WindowsStandalone target not found
Native extension for Android target not found
Refreshing native plugins compatible for Editor in 86.78 ms, found 3 plugins.
Preloading 0 native plugins for Editor in 0.00 ms.
Mono: successfully reloaded assembly
- Completed reload, in  0.685 seconds
Domain Reload Profiling:
	ReloadAssembly (685ms)
		BeginReloadAssembly (82ms)
			ExecutionOrderSort (0ms)
			DisableScriptedObjects (0ms)
			BackupInstance (0ms)
			ReleaseScriptingObjects (0ms)
			CreateAndSetChildDomain (1ms)
		EndReloadAssembly (489ms)
			LoadAssemblies (79ms)
			RebuildTransferFunctionScriptingTraits (0ms)
			SetupTypeCache (111ms)
			ReleaseScriptCaches (0ms)
			RebuildScriptCaches (30ms)
			SetupLoadedEditorAssemblies (298ms)
				LogAssemblyErrors (0ms)
				InitializePlatformSupportModulesInManaged (58ms)
				SetLoadedEditorAssemblies (0ms)
				RefreshPlugins (87ms)
				BeforeProcessingInitializeOnLoad (2ms)
				ProcessInitializeOnLoadAttributes (105ms)
				ProcessInitializeOnLoadMethodAttributes (46ms)
				AfterProcessingInitializeOnLoad (0ms)
				EditorAssembliesLoaded (0ms)
			ExecutionOrderSort2 (0ms)
			AwakeInstancesAfterBackupRestoration (0ms)
Platform modules already initialized, skipping
Registering precompiled user dll's ...
Registered in 0.007034 seconds.
Begin MonoManager ReloadAssembly
Symbol file LoadedFromMemory doesn't match image C:\Users\Administrator\Desktop\Tutorial\Library\PackageCache\com.unity.visualscripting@1.7.8\Editor\VisualScripting.Core\Dependencies\YamlDotNet\Unity.VisualScripting.YamlDotNet.dll
Symbol file LoadedFromMemory doesn't match image C:\Users\Administrator\Desktop\Tutorial\Library\PackageCache\com.unity.visualscripting@1.7.8\Editor\VisualScripting.Core\Dependencies\DotNetZip\Unity.VisualScripting.IonicZip.dll
Native extension for WindowsStandalone target not found
Native extension for Android target not found
Refreshing native plugins compatible for Editor in 0.54 ms, found 3 plugins.
Preloading 0 native plugins for Editor in 0.00 ms.
Mono: successfully reloaded assembly
- Completed reload, in  1.208 seconds
Domain Reload Profiling:
	ReloadAssembly (1209ms)
		BeginReloadAssembly (227ms)
			ExecutionOrderSort (0ms)
			DisableScriptedObjects (5ms)
			BackupInstance (0ms)
			ReleaseScriptingObjects (0ms)
			CreateAndSetChildDomain (133ms)
		EndReloadAssembly (859ms)
			LoadAssemblies (95ms)
			RebuildTransferFunctionScriptingTraits (0ms)
			SetupTypeCache (282ms)
			ReleaseScriptCaches (1ms)
			RebuildScriptCaches (54ms)
			SetupLoadedEditorAssemblies (393ms)
				LogAssemblyErrors (0ms)
				InitializePlatformSupportModulesInManaged (19ms)
				SetLoadedEditorAssemblies (0ms)
				RefreshPlugins (1ms)
				BeforeProcessingInitializeOnLoad (102ms)
				ProcessInitializeOnLoadAttributes (239ms)
				ProcessInitializeOnLoadMethodAttributes (23ms)
				AfterProcessingInitializeOnLoad (9ms)
				EditorAssembliesLoaded (0ms)
			ExecutionOrderSort2 (0ms)
			AwakeInstancesAfterBackupRestoration (7ms)
Platform modules already initialized, skipping
========================================================================
Worker process is ready to serve import requests
Launched and connected shader compiler UnityShaderCompiler.exe after 0.04 seconds
Refreshing native plugins compatible for Editor in 1.00 ms, found 3 plugins.
Preloading 0 native plugins for Editor in 0.00 ms.
Unloading 3351 Unused Serialized files (Serialized files now loaded: 0)
Unloading 27 unused Assets / (113.3 KB). Loaded Objects now: 3810.
Memory consumption went from 119.8 MB to 119.7 MB.
Total: 3.836100 ms (FindLiveObjects: 0.347000 ms CreateObjectMapping: 0.223000 ms MarkObjects: 3.072600 ms  DeleteObjects: 0.192400 ms)

AssetImportParameters requested are different than current active one (requested -> active):
  custom:video-decoder-ogg-theora: a1e56fd34408186e4bbccfd4996cb3dc -> 
  custom:container-muxer-webm: aa71ff27fc2769a1b78a27578f13a17b -> 
  custom:container-demuxer-webm: 4f35f7cbe854078d1ac9338744f61a02 -> 
  custom:video-encoder-webm-vp8: eb34c28f22e8b96e1ab97ce403110664 -> 
  custom:audio-encoder-webm-vorbis: bf7c407c2cedff20999df2af8eb42d56 -> 
  custom:framework-win-MediaFoundation: 216162199b28c13a410421893ffa2e32 -> 
  custom:container-demuxer-ogg: 62fdf1f143b41e24485cea50d1cbac27 -> 
  custom:video-decoder-webm-vp8: 9c59270c3fd7afecdb556c50c9e8de78 -> 
  custom:audio-decoder-ogg-vorbis: bf7c407c2cedff20999df2af8eb42d56 -> 
========================================================================
Received Import Request.
  Time since last request: 786317.663131 seconds.
  path: Packages/com.unity.ugui
  artifactKey: Guid(8f7652e09069a1943278893d4264401e) Importer(815301076,1909f56bfc062723c751e8b465ee728b)
Start importing Packages/com.unity.ugui using Guid(8f7652e09069a1943278893d4264401e) Importer(815301076,1909f56bfc062723c751e8b465ee728b)  -> (artifact id: 'b90b7ea2c5e18fe74b2f7cbcc23cfd5d') in 0.017051 seconds 
========================================================================
Received Prepare
Registering precompiled user dll's ...
Registered in 0.007750 seconds.
Begin MonoManager ReloadAssembly
Symbol file LoadedFromMemory doesn't match image C:\Users\Administrator\Desktop\Tutorial\Library\PackageCache\com.unity.visualscripting@1.7.8\Editor\VisualScripting.Core\Dependencies\YamlDotNet\Unity.VisualScripting.YamlDotNet.dll
Symbol file LoadedFromMemory doesn't match image C:\Users\Administrator\Desktop\Tutorial\Library\PackageCache\com.unity.visualscripting@1.7.8\Editor\VisualScripting.Core\Dependencies\DotNetZip\Unity.VisualScripting.IonicZip.dll
Native extension for WindowsStandalone target not found
Native extension for Android target not found
Refreshing native plugins compatible for Editor in 0.55 ms, found 3 plugins.
Preloading 0 native plugins for Editor in 0.00 ms.
Mono: successfully reloaded assembly
- Completed reload, in  1.083 seconds
Domain Reload Profiling:
	ReloadAssembly (1083ms)
		BeginReloadAssembly (161ms)
			ExecutionOrderSort (0ms)
			DisableScriptedObjects (6ms)
			BackupInstance (0ms)
			ReleaseScriptingObjects (0ms)
			CreateAndSetChildDomain (46ms)
		EndReloadAssembly (815ms)
			LoadAssemblies (105ms)
			RebuildTransferFunctionScriptingTraits (0ms)
			SetupTypeCache (277ms)
			ReleaseScriptCaches (1ms)
			RebuildScriptCaches (43ms)
			SetupLoadedEditorAssemblies (359ms)
				LogAssemblyErrors (0ms)
				InitializePlatformSupportModulesInManaged (23ms)
				SetLoadedEditorAssemblies (0ms)
				RefreshPlugins (1ms)
				BeforeProcessingInitializeOnLoad (80ms)
				ProcessInitializeOnLoadAttributes (217ms)
				ProcessInitializeOnLoadMethodAttributes (29ms)
				AfterProcessingInitializeOnLoad (9ms)
				EditorAssembliesLoaded (0ms)
			ExecutionOrderSort2 (0ms)
			AwakeInstancesAfterBackupRestoration (7ms)
Platform modules already initialized, skipping
Refreshing native plugins compatible for Editor in 2.11 ms, found 3 plugins.
Preloading 0 native plugins for Editor in 0.00 ms.
Unloading 3351 Unused Serialized files (Serialized files now loaded: 0)
Unloading 22 unused Assets / (0.8 MB). Loaded Objects now: 3816.
Memory consumption went from 121.2 MB to 120.4 MB.
Total: 4.846300 ms (FindLiveObjects: 0.256700 ms CreateObjectMapping: 0.184100 ms MarkObjects: 4.015900 ms  DeleteObjects: 0.388200 ms)

AssetImportParameters requested are different than current active one (requested -> active):
  custom:video-decoder-ogg-theora: a1e56fd34408186e4bbccfd4996cb3dc -> 
  custom:container-muxer-webm: aa71ff27fc2769a1b78a27578f13a17b -> 
  custom:container-demuxer-webm: 4f35f7cbe854078d1ac9338744f61a02 -> 
  custom:video-encoder-webm-vp8: eb34c28f22e8b96e1ab97ce403110664 -> 
  custom:audio-encoder-webm-vorbis: bf7c407c2cedff20999df2af8eb42d56 -> 
  custom:framework-win-MediaFoundation: 216162199b28c13a410421893ffa2e32 -> 
  custom:container-demuxer-ogg: 62fdf1f143b41e24485cea50d1cbac27 -> 
  custom:video-decoder-webm-vp8: 9c59270c3fd7afecdb556c50c9e8de78 -> 
  custom:audio-decoder-ogg-vorbis: bf7c407c2cedff20999df2af8eb42d56 -> 
========================================================================
Received Import Request.
  Time since last request: 3417.437743 seconds.
  path: Assets/Quirky Series Ultimate/FREE/Prefabs/Gecko.prefab
  artifactKey: Guid(cefda5744f2acb54d8f08973a10bee1e) Importer(815301076,1909f56bfc062723c751e8b465ee728b)
Start importing Assets/Quirky Series Ultimate/FREE/Prefabs/Gecko.prefab using Guid(cefda5744f2acb54d8f08973a10bee1e) Importer(815301076,1909f56bfc062723c751e8b465ee728b)  -> (artifact id: '1bbb419bf990e0c1dd5e27754e7eadcd') in 0.377083 seconds 
========================================================================
Received Import Request.
  Time since last request: 0.000031 seconds.
  path: Assets/Quirky Series Ultimate/FREE/Prefabs/Herring.prefab
  artifactKey: Guid(4aa01f1d5c72d4e47a8c44e612a6b6fc) Importer(815301076,1909f56bfc062723c751e8b465ee728b)
Start importing Assets/Quirky Series Ultimate/FREE/Prefabs/Herring.prefab using Guid(4aa01f1d5c72d4e47a8c44e612a6b6fc) Importer(815301076,1909f56bfc062723c751e8b465ee728b)  -> (artifact id: 'd5542b8bf4d99f5b3c6a86e359ff6077') in 0.109869 seconds 
========================================================================
Received Import Request.
  Time since last request: 0.000049 seconds.
  path: Assets/Quirky Series Ultimate/FREE/Prefabs/Sparrow.prefab
  artifactKey: Guid(ad4137f595ec8e2449cacca9df7d3735) Importer(815301076,1909f56bfc062723c751e8b465ee728b)
Start importing Assets/Quirky Series Ultimate/FREE/Prefabs/Sparrow.prefab using Guid(ad4137f595ec8e2449cacca9df7d3735) Importer(815301076,1909f56bfc062723c751e8b465ee728b)  -> (artifact id: '2368007371da0d5ab320d8b99642bfe1') in 0.099853 seconds 
========================================================================
Received Import Request.
  Time since last request: 0.000030 seconds.
  path: Assets/Quirky Series Ultimate/FREE/Prefabs/Pudu.prefab
  artifactKey: Guid(252ba5fa5d8167e42af72cf97baa830e) Importer(815301076,1909f56bfc062723c751e8b465ee728b)
Start importing Assets/Quirky Series Ultimate/FREE/Prefabs/Pudu.prefab using Guid(252ba5fa5d8167e42af72cf97baa830e) Importer(815301076,1909f56bfc062723c751e8b465ee728b)  -> (artifact id: '8bf2f07f597c478ae32bc8cf5ae0a728') in 0.105167 seconds 
========================================================================
Received Import Request.
  Time since last request: 135.167955 seconds.
  path: Assets/Quirky Series Ultimate/FREE/Prefabs/Single LODs/Colobus_LOD1.prefab
  artifactKey: Guid(16312f7abca8d654d9cedbc1a27a4429) Importer(815301076,1909f56bfc062723c751e8b465ee728b)
Start importing Assets/Quirky Series Ultimate/FREE/Prefabs/Single LODs/Colobus_LOD1.prefab using Guid(16312f7abca8d654d9cedbc1a27a4429) Importer(815301076,1909f56bfc062723c751e8b465ee728b)  -> (artifact id: '3aaea92e2a4f72941e336a39e813fb1d') in 0.087874 seconds 
========================================================================
Received Import Request.
  Time since last request: 0.000031 seconds.
  path: Assets/Quirky Series Ultimate/FREE/Prefabs/Single LODs/Muskrat_LOD2.prefab
  artifactKey: Guid(6a4506a59d6221e4eb5573dbff6b1dd9) Importer(815301076,1909f56bfc062723c751e8b465ee728b)
Start importing Assets/Quirky Series Ultimate/FREE/Prefabs/Single LODs/Muskrat_LOD2.prefab using Guid(6a4506a59d6221e4eb5573dbff6b1dd9) Importer(815301076,1909f56bfc062723c751e8b465ee728b)  -> (artifact id: 'f14fde971b5ec13625fddc1086d79a22') in 0.084639 seconds 
========================================================================
Received Import Request.
  Time since last request: 0.000030 seconds.
  path: Assets/Quirky Series Ultimate/FREE/Prefabs/Single LODs/Squid_LOD0.prefab
  artifactKey: Guid(9677c3aef8e1054409cb0290002c5c11) Importer(815301076,1909f56bfc062723c751e8b465ee728b)
Start importing Assets/Quirky Series Ultimate/FREE/Prefabs/Single LODs/Squid_LOD0.prefab using Guid(9677c3aef8e1054409cb0290002c5c11) Importer(815301076,1909f56bfc062723c751e8b465ee728b)  -> (artifact id: 'd8b220d5e70b062adbd3d76b2c2f5ba6') in 0.096075 seconds 
========================================================================
Received Import Request.
  Time since last request: 0.000027 seconds.
  path: Assets/Quirky Series Ultimate/FREE/Prefabs/Single LODs/Pudu_LOD3.prefab
  artifactKey: Guid(d46987f5f4391a846a31d7f6f09edbb9) Importer(815301076,1909f56bfc062723c751e8b465ee728b)
Start importing Assets/Quirky Series Ultimate/FREE/Prefabs/Single LODs/Pudu_LOD3.prefab using Guid(d46987f5f4391a846a31d7f6f09edbb9) Importer(815301076,1909f56bfc062723c751e8b465ee728b)  -> (artifact id: '3c6ce8d656609c64ce63caf0630029f7') in 0.083705 seconds 
========================================================================
Received Import Request.
  Time since last request: 0.000020 seconds.
  path: Assets/Quirky Series Ultimate/FREE/Prefabs/Single LODs/Colobus_LOD2.prefab
  artifactKey: Guid(3334cb3c93f0fb549af8e5b94b073c4a) Importer(815301076,1909f56bfc062723c751e8b465ee728b)
Start importing Assets/Quirky Series Ultimate/FREE/Prefabs/Single LODs/Colobus_LOD2.prefab using Guid(3334cb3c93f0fb549af8e5b94b073c4a) Importer(815301076,1909f56bfc062723c751e8b465ee728b)  -> (artifact id: '6e3f4d10d339f862f6005c7b4709dd18') in 0.087374 seconds 
========================================================================
Received Import Request.
  Time since last request: 0.000032 seconds.
  path: Assets/Quirky Series Ultimate/FREE/Prefabs/Single LODs/Herring_LOD3.prefab
  artifactKey: Guid(7aac57ab7fdd5b84fa7ebe28e279fd3d) Importer(815301076,1909f56bfc062723c751e8b465ee728b)
Start importing Assets/Quirky Series Ultimate/FREE/Prefabs/Single LODs/Herring_LOD3.prefab using Guid(7aac57ab7fdd5b84fa7ebe28e279fd3d) Importer(815301076,1909f56bfc062723c751e8b465ee728b)  -> (artifact id: '652a05f88609902698289c51a00e9d5f') in 0.088164 seconds 
========================================================================
Received Import Request.
  Time since last request: 0.000027 seconds.
  path: Assets/Quirky Series Ultimate/FREE/Prefabs/Single LODs/Squid_LOD3.prefab
  artifactKey: Guid(25d85c98cc39441419d10f3a9c093982) Importer(815301076,1909f56bfc062723c751e8b465ee728b)
Start importing Assets/Quirky Series Ultimate/FREE/Prefabs/Single LODs/Squid_LOD3.prefab using Guid(25d85c98cc39441419d10f3a9c093982) Importer(815301076,1909f56bfc062723c751e8b465ee728b)  -> (artifact id: 'efa6acafde0eff6254b7da690abf1419') in 0.087813 seconds 
========================================================================
Received Import Request.
  Time since last request: 0.000018 seconds.
  path: Assets/Quirky Series Ultimate/FREE/Prefabs/Single LODs/Sparrow_LOD3.prefab
  artifactKey: Guid(e23c85086d2af87419bdb97d397969f7) Importer(815301076,1909f56bfc062723c751e8b465ee728b)
Start importing Assets/Quirky Series Ultimate/FREE/Prefabs/Single LODs/Sparrow_LOD3.prefab using Guid(e23c85086d2af87419bdb97d397969f7) Importer(815301076,1909f56bfc062723c751e8b465ee728b)  -> (artifact id: '5286bd3dda6a15935f935e1946751c89') in 0.091194 seconds 
========================================================================
Received Import Request.
  Time since last request: 0.000023 seconds.
  path: Assets/Quirky Series Ultimate/FREE/Prefabs/Single LODs/Pudu_LOD2.prefab
  artifactKey: Guid(195ad0cf2e252d8428374b469dfccf80) Importer(815301076,1909f56bfc062723c751e8b465ee728b)
Start importing Assets/Quirky Series Ultimate/FREE/Prefabs/Single LODs/Pudu_LOD2.prefab using Guid(195ad0cf2e252d8428374b469dfccf80) Importer(815301076,1909f56bfc062723c751e8b465ee728b)  -> (artifact id: '0f1468851835a76f8b053814d5810c11') in 0.091562 seconds 
========================================================================
Received Import Request.
  Time since last request: 0.000023 seconds.
  path: Assets/Quirky Series Ultimate/FREE/Prefabs/Single LODs/Gecko_LOD0.prefab
  artifactKey: Guid(91a4f0f34294be14fa741fc1d9973a18) Importer(815301076,1909f56bfc062723c751e8b465ee728b)
Start importing Assets/Quirky Series Ultimate/FREE/Prefabs/Single LODs/Gecko_LOD0.prefab using Guid(91a4f0f34294be14fa741fc1d9973a18) Importer(815301076,1909f56bfc062723c751e8b465ee728b)  -> (artifact id: '1c57150cc62871cc9f1df676dd44b9e9') in 0.085474 seconds 
========================================================================
Received Import Request.
  Time since last request: 0.000028 seconds.
  path: Assets/Quirky Series Ultimate/FREE/Prefabs/Single LODs/Gecko_LOD3.prefab
  artifactKey: Guid(ad4c3b6f9a1581941b5f82fb5d0589cc) Importer(815301076,1909f56bfc062723c751e8b465ee728b)
Start importing Assets/Quirky Series Ultimate/FREE/Prefabs/Single LODs/Gecko_LOD3.prefab using Guid(ad4c3b6f9a1581941b5f82fb5d0589cc) Importer(815301076,1909f56bfc062723c751e8b465ee728b)  -> (artifact id: 'ad131370c05ba73d62c883e8d05dee84') in 0.101342 seconds 
========================================================================
Received Import Request.
  Time since last request: 0.000022 seconds.
  path: Assets/Quirky Series Ultimate/FREE/Prefabs/Single LODs/Colobus_LOD3.prefab
  artifactKey: Guid(1175f56e1052f8045a6fb8538864e2df) Importer(815301076,1909f56bfc062723c751e8b465ee728b)
Start importing Assets/Quirky Series Ultimate/FREE/Prefabs/Single LODs/Colobus_LOD3.prefab using Guid(1175f56e1052f8045a6fb8538864e2df) Importer(815301076,1909f56bfc062723c751e8b465ee728b)  -> (artifact id: '2e4a19736e9252b90301bf8cb11d2643') in 0.104182 seconds 
========================================================================
Received Import Request.
  Time since last request: 0.000029 seconds.
  path: Assets/Quirky Series Ultimate/FREE/Prefabs/Single LODs/Sparrow_LOD0.prefab
  artifactKey: Guid(0c98f994f7df1f849858fd2d6de9b731) Importer(815301076,1909f56bfc062723c751e8b465ee728b)
Start importing Assets/Quirky Series Ultimate/FREE/Prefabs/Single LODs/Sparrow_LOD0.prefab using Guid(0c98f994f7df1f849858fd2d6de9b731) Importer(815301076,1909f56bfc062723c751e8b465ee728b)  -> (artifact id: '9f3bbb6b44f4badf40b1e6319aa6cda6') in 0.096090 seconds 
========================================================================
Received Import Request.
  Time since last request: 0.000035 seconds.
  path: Assets/Quirky Series Ultimate/FREE/Prefabs/Single LODs/Muskrat_LOD1.prefab
  artifactKey: Guid(d98f8da69b6d45242959b9c3789f6d79) Importer(815301076,1909f56bfc062723c751e8b465ee728b)
Start importing Assets/Quirky Series Ultimate/FREE/Prefabs/Single LODs/Muskrat_LOD1.prefab using Guid(d98f8da69b6d45242959b9c3789f6d79) Importer(815301076,1909f56bfc062723c751e8b465ee728b)  -> (artifact id: 'c5e91865c6a692af252ca0cc76942bd0') in 0.084218 seconds 
========================================================================
Received Import Request.
  Time since last request: 0.000022 seconds.
  path: Assets/Quirky Series Ultimate/FREE/Prefabs/Single LODs/Herring_LOD1.prefab
  artifactKey: Guid(6ad3142265e76cd44bd0c89145c8dc9a) Importer(815301076,1909f56bfc062723c751e8b465ee728b)
Start importing Assets/Quirky Series Ultimate/FREE/Prefabs/Single LODs/Herring_LOD1.prefab using Guid(6ad3142265e76cd44bd0c89145c8dc9a) Importer(815301076,1909f56bfc062723c751e8b465ee728b)  -> (artifact id: 'ebc7c195186d9134b419e4a3aae92eeb') in 0.090351 seconds 
========================================================================
Received Import Request.
  Time since last request: 0.000033 seconds.
  path: Assets/Quirky Series Ultimate/FREE/Prefabs/Single LODs/Taipan_LOD3.prefab
  artifactKey: Guid(57c5278077cf45a4abc6db2f001804d3) Importer(815301076,1909f56bfc062723c751e8b465ee728b)
Start importing Assets/Quirky Series Ultimate/FREE/Prefabs/Single LODs/Taipan_LOD3.prefab using Guid(57c5278077cf45a4abc6db2f001804d3) Importer(815301076,1909f56bfc062723c751e8b465ee728b)  -> (artifact id: '295c17472bf80e283f1b76d2e1af14ee') in 0.093844 seconds 
========================================================================
Received Import Request.
  Time since last request: 0.000022 seconds.
  path: Assets/Quirky Series Ultimate/FREE/Prefabs/Single LODs/Sparrow_LOD1.prefab
  artifactKey: Guid(4723278e3a3a58540b464dde6b71b357) Importer(815301076,1909f56bfc062723c751e8b465ee728b)
Start importing Assets/Quirky Series Ultimate/FREE/Prefabs/Single LODs/Sparrow_LOD1.prefab using Guid(4723278e3a3a58540b464dde6b71b357) Importer(815301076,1909f56bfc062723c751e8b465ee728b)  -> (artifact id: '3c4e1c8c0dc592b670db2cc3f10b42a0') in 0.087496 seconds 
========================================================================
Received Prepare
Registering precompiled user dll's ...
Registered in 0.008148 seconds.
Begin MonoManager ReloadAssembly
Symbol file LoadedFromMemory doesn't match image C:\Users\Administrator\Desktop\Tutorial\Library\PackageCache\com.unity.visualscripting@1.7.8\Editor\VisualScripting.Core\Dependencies\YamlDotNet\Unity.VisualScripting.YamlDotNet.dll
Symbol file LoadedFromMemory doesn't match image C:\Users\Administrator\Desktop\Tutorial\Library\PackageCache\com.unity.visualscripting@1.7.8\Editor\VisualScripting.Core\Dependencies\DotNetZip\Unity.VisualScripting.IonicZip.dll
Native extension for WindowsStandalone target not found
Native extension for Android target not found
Refreshing native plugins compatible for Editor in 0.59 ms, found 3 plugins.
Preloading 0 native plugins for Editor in 0.00 ms.
Mono: successfully reloaded assembly
- Completed reload, in  1.264 seconds
Domain Reload Profiling:
	ReloadAssembly (1265ms)
		BeginReloadAssembly (168ms)
			ExecutionOrderSort (0ms)
			DisableScriptedObjects (5ms)
			BackupInstance (0ms)
			ReleaseScriptingObjects (0ms)
			CreateAndSetChildDomain (54ms)
		EndReloadAssembly (984ms)
			LoadAssemblies (109ms)
			RebuildTransferFunctionScriptingTraits (0ms)
			SetupTypeCache (345ms)
			ReleaseScriptCaches (1ms)
			RebuildScriptCaches (58ms)
			SetupLoadedEditorAssemblies (420ms)
				LogAssemblyErrors (0ms)
				InitializePlatformSupportModulesInManaged (28ms)
				SetLoadedEditorAssemblies (0ms)
				RefreshPlugins (1ms)
				BeforeProcessingInitializeOnLoad (90ms)
				ProcessInitializeOnLoadAttributes (259ms)
				ProcessInitializeOnLoadMethodAttributes (31ms)
				AfterProcessingInitializeOnLoad (11ms)
				EditorAssembliesLoaded (0ms)
			ExecutionOrderSort2 (0ms)
			AwakeInstancesAfterBackupRestoration (9ms)
Platform modules already initialized, skipping
Refreshing native plugins compatible for Editor in 2.77 ms, found 3 plugins.
Preloading 0 native plugins for Editor in 0.00 ms.
Unloading 3350 Unused Serialized files (Serialized files now loaded: 0)
Unloading 21 unused Assets / (391.6 KB). Loaded Objects now: 3829.
Memory consumption went from 138.6 MB to 138.2 MB.
Total: 3.413300 ms (FindLiveObjects: 0.324700 ms CreateObjectMapping: 0.213500 ms MarkObjects: 2.583200 ms  DeleteObjects: 0.290800 ms)

AssetImportParameters requested are different than current active one (requested -> active):
  custom:video-decoder-ogg-theora: a1e56fd34408186e4bbccfd4996cb3dc -> 
  custom:container-muxer-webm: aa71ff27fc2769a1b78a27578f13a17b -> 
  custom:container-demuxer-webm: 4f35f7cbe854078d1ac9338744f61a02 -> 
  custom:video-encoder-webm-vp8: eb34c28f22e8b96e1ab97ce403110664 -> 
  custom:audio-encoder-webm-vorbis: bf7c407c2cedff20999df2af8eb42d56 -> 
  custom:framework-win-MediaFoundation: 216162199b28c13a410421893ffa2e32 -> 
  custom:container-demuxer-ogg: 62fdf1f143b41e24485cea50d1cbac27 -> 
  custom:video-decoder-webm-vp8: 9c59270c3fd7afecdb556c50c9e8de78 -> 
  custom:audio-decoder-ogg-vorbis: bf7c407c2cedff20999df2af8eb42d56 -> 
========================================================================
Received Prepare
Registering precompiled user dll's ...
Registered in 0.005901 seconds.
Begin MonoManager ReloadAssembly
Symbol file LoadedFromMemory doesn't match image C:\Users\Administrator\Desktop\Tutorial\Library\PackageCache\com.unity.visualscripting@1.7.8\Editor\VisualScripting.Core\Dependencies\YamlDotNet\Unity.VisualScripting.YamlDotNet.dll
Symbol file LoadedFromMemory doesn't match image C:\Users\Administrator\Desktop\Tutorial\Library\PackageCache\com.unity.visualscripting@1.7.8\Editor\VisualScripting.Core\Dependencies\DotNetZip\Unity.VisualScripting.IonicZip.dll
Native extension for WindowsStandalone target not found
Native extension for Android target not found
Refreshing native plugins compatible for Editor in 0.57 ms, found 3 plugins.
Preloading 0 native plugins for Editor in 0.00 ms.
Mono: successfully reloaded assembly
- Completed reload, in  1.203 seconds
Domain Reload Profiling:
	ReloadAssembly (1204ms)
		BeginReloadAssembly (162ms)
			ExecutionOrderSort (0ms)
			DisableScriptedObjects (6ms)
			BackupInstance (0ms)
			ReleaseScriptingObjects (0ms)
			CreateAndSetChildDomain (44ms)
		EndReloadAssembly (926ms)
			LoadAssemblies (106ms)
			RebuildTransferFunctionScriptingTraits (0ms)
			SetupTypeCache (313ms)
			ReleaseScriptCaches (2ms)
			RebuildScriptCaches (59ms)
			SetupLoadedEditorAssemblies (399ms)
				LogAssemblyErrors (0ms)
				InitializePlatformSupportModulesInManaged (29ms)
				SetLoadedEditorAssemblies (1ms)
				RefreshPlugins (1ms)
				BeforeProcessingInitializeOnLoad (87ms)
				ProcessInitializeOnLoadAttributes (244ms)
				ProcessInitializeOnLoadMethodAttributes (29ms)
				AfterProcessingInitializeOnLoad (10ms)
				EditorAssembliesLoaded (0ms)
			ExecutionOrderSort2 (0ms)
			AwakeInstancesAfterBackupRestoration (8ms)
Platform modules already initialized, skipping
Refreshing native plugins compatible for Editor in 1.89 ms, found 3 plugins.
Preloading 0 native plugins for Editor in 0.00 ms.
Unloading 3349 Unused Serialized files (Serialized files now loaded: 0)
Unloading 21 unused Assets / (438.6 KB). Loaded Objects now: 3832.
Memory consumption went from 138.5 MB to 138.1 MB.
Total: 4.389300 ms (FindLiveObjects: 0.545800 ms CreateObjectMapping: 0.326600 ms MarkObjects: 3.175700 ms  DeleteObjects: 0.339500 ms)

AssetImportParameters requested are different than current active one (requested -> active):
  custom:video-decoder-ogg-theora: a1e56fd34408186e4bbccfd4996cb3dc -> 
  custom:container-muxer-webm: aa71ff27fc2769a1b78a27578f13a17b -> 
  custom:container-demuxer-webm: 4f35f7cbe854078d1ac9338744f61a02 -> 
  custom:video-encoder-webm-vp8: eb34c28f22e8b96e1ab97ce403110664 -> 
  custom:audio-encoder-webm-vorbis: bf7c407c2cedff20999df2af8eb42d56 -> 
  custom:framework-win-MediaFoundation: 216162199b28c13a410421893ffa2e32 -> 
  custom:container-demuxer-ogg: 62fdf1f143b41e24485cea50d1cbac27 -> 
  custom:video-decoder-webm-vp8: 9c59270c3fd7afecdb556c50c9e8de78 -> 
  custom:audio-decoder-ogg-vorbis: bf7c407c2cedff20999df2af8eb42d56 -> 
========================================================================
Received Import Request.
  Time since last request: 1057.677210 seconds.
  path: Assets/Quirky Series Ultimate/FREE/Models/Colobus_LOD0.fbx
  artifactKey: Guid(987300f45a3f86647ad6e04d1d9bc39b) Importer(815301076,1909f56bfc062723c751e8b465ee728b)
Start importing Assets/Quirky Series Ultimate/FREE/Models/Colobus_LOD0.fbx using Guid(987300f45a3f86647ad6e04d1d9bc39b) Importer(815301076,1909f56bfc062723c751e8b465ee728b)  -> (artifact id: '65f593f9af1c79a77efe0bc739cb55eb') in 0.328056 seconds 
========================================================================
Received Import Request.
  Time since last request: 0.000030 seconds.
  path: Assets/Quirky Series Ultimate/FREE/Models/Taipan_LOD0.fbx
  artifactKey: Guid(59f05ce7e8f01db448f74d11b071a69a) Importer(815301076,1909f56bfc062723c751e8b465ee728b)
Start importing Assets/Quirky Series Ultimate/FREE/Models/Taipan_LOD0.fbx using Guid(59f05ce7e8f01db448f74d11b071a69a) Importer(815301076,1909f56bfc062723c751e8b465ee728b)  -> (artifact id: '271a779207fdb5e72c314f6428c6889e') in 0.043433 seconds 
========================================================================
Received Import Request.
  Time since last request: 0.000028 seconds.
  path: Assets/Quirky Series Ultimate/FREE/Models/Muskrat_LOD1.fbx
  artifactKey: Guid(682444f75c05b7044b5ee870dc53e2e1) Importer(815301076,1909f56bfc062723c751e8b465ee728b)
Start importing Assets/Quirky Series Ultimate/FREE/Models/Muskrat_LOD1.fbx using Guid(682444f75c05b7044b5ee870dc53e2e1) Importer(815301076,1909f56bfc062723c751e8b465ee728b)  -> (artifact id: '5d9e81fe864480dbda6d47d63f4fdaf0') in 0.034103 seconds 
========================================================================
Received Import Request.
  Time since last request: 0.000028 seconds.
  path: Assets/Quirky Series Ultimate/FREE/Models/Taipan_LOD2.fbx
  artifactKey: Guid(c39757cfd1c959d43b3cef4252fef0d0) Importer(815301076,1909f56bfc062723c751e8b465ee728b)
Start importing Assets/Quirky Series Ultimate/FREE/Models/Taipan_LOD2.fbx using Guid(c39757cfd1c959d43b3cef4252fef0d0) Importer(815301076,1909f56bfc062723c751e8b465ee728b)  -> (artifact id: 'da27e745508543d53c329973ea136f7d') in 0.040035 seconds 
========================================================================
Received Import Request.
  Time since last request: 0.000027 seconds.
  path: Assets/Quirky Series Ultimate/FREE/Models/Muskrat_LOD3.fbx
  artifactKey: Guid(ecd5f26877b05f24b8929db54ddf9e71) Importer(815301076,1909f56bfc062723c751e8b465ee728b)
Start importing Assets/Quirky Series Ultimate/FREE/Models/Muskrat_LOD3.fbx using Guid(ecd5f26877b05f24b8929db54ddf9e71) Importer(815301076,1909f56bfc062723c751e8b465ee728b)  -> (artifact id: '3f2166777f0c966039b9b162afaf4f64') in 0.041448 seconds 
========================================================================
Received Import Request.
  Time since last request: 0.000028 seconds.
  path: Assets/Quirky Series Ultimate/FREE/Models/Sparrow_LOD2.fbx
  artifactKey: Guid(5d65f55b81ed9e94d9c9a41ecae53f32) Importer(815301076,1909f56bfc062723c751e8b465ee728b)
Start importing Assets/Quirky Series Ultimate/FREE/Models/Sparrow_LOD2.fbx using Guid(5d65f55b81ed9e94d9c9a41ecae53f32) Importer(815301076,1909f56bfc062723c751e8b465ee728b)  -> (artifact id: '5fe0ee8a4ca8db7d6ca768b42aa5b97a') in 0.034674 seconds 
========================================================================
Received Import Request.
  Time since last request: 0.000041 seconds.
  path: Assets/Quirky Series Ultimate/FREE/Models/Squid_LOD3.fbx
  artifactKey: Guid(7c64b217dba27cf41a793d86af76b38e) Importer(815301076,1909f56bfc062723c751e8b465ee728b)
Start importing Assets/Quirky Series Ultimate/FREE/Models/Squid_LOD3.fbx using Guid(7c64b217dba27cf41a793d86af76b38e) Importer(815301076,1909f56bfc062723c751e8b465ee728b)  -> (artifact id: '9b10a5bc453b16d6815a3e7b97d66a51') in 0.038027 seconds 
========================================================================
Received Import Request.
  Time since last request: 0.000035 seconds.
  path: Assets/Quirky Series Ultimate/FREE/Models/Sparrow_LOD0.fbx
  artifactKey: Guid(5d1cd35570dc600419da732416cfb76c) Importer(815301076,1909f56bfc062723c751e8b465ee728b)
Start importing Assets/Quirky Series Ultimate/FREE/Models/Sparrow_LOD0.fbx using Guid(5d1cd35570dc600419da732416cfb76c) Importer(815301076,1909f56bfc062723c751e8b465ee728b)  -> (artifact id: '288234c39015a1fe8f8bc029aae67303') in 0.037577 seconds 
========================================================================
Received Import Request.
  Time since last request: 0.000046 seconds.
  path: Assets/Quirky Series Ultimate/FREE/Models/Taipan_LOD1.fbx
  artifactKey: Guid(d9c32f14f96588d448c55ad66809316f) Importer(815301076,1909f56bfc062723c751e8b465ee728b)
Start importing Assets/Quirky Series Ultimate/FREE/Models/Taipan_LOD1.fbx using Guid(d9c32f14f96588d448c55ad66809316f) Importer(815301076,1909f56bfc062723c751e8b465ee728b)  -> (artifact id: 'c7042ee557eed18d0726cb2c5a7a2c21') in 0.032659 seconds 
========================================================================
Received Import Request.
  Time since last request: 0.000022 seconds.
  path: Assets/Quirky Series Ultimate/FREE/Models/Herring_LOD0.fbx
  artifactKey: Guid(53116f02eef714540be72cf8a7f05df9) Importer(815301076,1909f56bfc062723c751e8b465ee728b)
Start importing Assets/Quirky Series Ultimate/FREE/Models/Herring_LOD0.fbx using Guid(53116f02eef714540be72cf8a7f05df9) Importer(815301076,1909f56bfc062723c751e8b465ee728b)  -> (artifact id: 'd67a61881d3eac43c0171bab1532e8c7') in 0.047058 seconds 
========================================================================
Received Import Request.
  Time since last request: 0.000081 seconds.
  path: Assets/Quirky Series Ultimate/FREE/Models/Pudu_LOD3.fbx
  artifactKey: Guid(4b60f39d1f696dd4db7bd987f185e074) Importer(815301076,1909f56bfc062723c751e8b465ee728b)
Start importing Assets/Quirky Series Ultimate/FREE/Models/Pudu_LOD3.fbx using Guid(4b60f39d1f696dd4db7bd987f185e074) Importer(815301076,1909f56bfc062723c751e8b465ee728b)  -> (artifact id: '4d427f6f114122757025121ded2cdee7') in 0.034023 seconds 
========================================================================
Received Import Request.
  Time since last request: 0.000033 seconds.
  path: Assets/Quirky Series Ultimate/FREE/Models/Gecko_LOD1.fbx
  artifactKey: Guid(c15ff5a6d122ea54591a8237be7bce8c) Importer(815301076,1909f56bfc062723c751e8b465ee728b)
Start importing Assets/Quirky Series Ultimate/FREE/Models/Gecko_LOD1.fbx using Guid(c15ff5a6d122ea54591a8237be7bce8c) Importer(815301076,1909f56bfc062723c751e8b465ee728b)  -> (artifact id: '39d2878f6bcca7d3f3e944371ec834fa') in 0.034880 seconds 
========================================================================
Received Import Request.
  Time since last request: 0.000027 seconds.
  path: Assets/Quirky Series Ultimate/FREE/Models/Herring_LOD1.fbx
  artifactKey: Guid(eae5727004468be4e8e12ec5c90abccd) Importer(815301076,1909f56bfc062723c751e8b465ee728b)
Start importing Assets/Quirky Series Ultimate/FREE/Models/Herring_LOD1.fbx using Guid(eae5727004468be4e8e12ec5c90abccd) Importer(815301076,1909f56bfc062723c751e8b465ee728b)  -> (artifact id: 'd6f5b909dabbb8e47197466ef0305d72') in 0.032076 seconds 
========================================================================
Received Import Request.
  Time since last request: 0.000029 seconds.
  path: Assets/Quirky Series Ultimate/FREE/Models/Muskrat_LOD0.fbx
  artifactKey: Guid(4e8b2226a60b94f4a9c43795c0cea457) Importer(815301076,1909f56bfc062723c751e8b465ee728b)
Start importing Assets/Quirky Series Ultimate/FREE/Models/Muskrat_LOD0.fbx using Guid(4e8b2226a60b94f4a9c43795c0cea457) Importer(815301076,1909f56bfc062723c751e8b465ee728b)  -> (artifact id: 'b5b75cd8bb18ff3dfb076838a946052b') in 0.036538 seconds 
========================================================================
Received Import Request.
  Time since last request: 0.000037 seconds.
  path: Assets/Quirky Series Ultimate/FREE/Models/Squid_LOD1.fbx
  artifactKey: Guid(675de00265353434bbdced96003a6fc0) Importer(815301076,1909f56bfc062723c751e8b465ee728b)
Start importing Assets/Quirky Series Ultimate/FREE/Models/Squid_LOD1.fbx using Guid(675de00265353434bbdced96003a6fc0) Importer(815301076,1909f56bfc062723c751e8b465ee728b)  -> (artifact id: '355a002ab2f3a38b8d4f934b49045563') in 0.031982 seconds 
Editor requested this worker to shutdown with reason: Scaling down because of idle timeout
AssetImportWorker is now disconnected from the server
Process exiting
Exiting without the bug reporter. Application will terminate with return code 0