Using pre-set license
Built from '2021.3/staging' branch; Version is '2021.3.14f1 (eee1884e7226) revision 15655304'; Using compiler version '192829333'; Build Type 'Release'
OS: 'Windows 10  (10.0.19045) 64bit Education' Language: 'ko' Physical Memory: 16318 MB
BatchMode: 1, IsHumanControllingUs: 0, StartBugReporterOnCrash: 0, Is64bit: 1, IsPro: 1

COMMAND LINE ARGUMENTS:
C:\Program Files\Unity\Hub\Editor\2021.3.14f1\Editor\Unity.exe
-adb2
-batchMode
-noUpm
-name
AssetImportWorker0
-projectPath
C:/Users/Administrator/Desktop/Shooting Game
-logFile
Logs/AssetImportWorker0.log
-srvPort
51537
Successfully changed project path to: C:/Users/Administrator/Desktop/Shooting Game
C:/Users/Administrator/Desktop/Shooting Game
[UnityMemory] Configuration Parameters - Can be set up in boot.config
    "memorysetup-bucket-allocator-granularity=16"
    "memorysetup-bucket-allocator-bucket-count=8"
    "memorysetup-bucket-allocator-block-size=33554432"
    "memorysetup-bucket-allocator-block-count=8"
    "memorysetup-main-allocator-block-size=16777216"
    "memorysetup-thread-allocator-block-size=16777216"
    "memorysetup-gfx-main-allocator-block-size=16777216"
    "memorysetup-gfx-thread-allocator-block-size=16777216"
    "memorysetup-cache-allocator-block-size=4194304"
    "memorysetup-typetree-allocator-block-size=2097152"
    "memorysetup-profiler-bucket-allocator-granularity=16"
    "memorysetup-profiler-bucket-allocator-bucket-count=8"
    "memorysetup-profiler-bucket-allocator-block-size=33554432"
    "memorysetup-profiler-bucket-allocator-block-count=8"
    "memorysetup-profiler-allocator-block-size=16777216"
    "memorysetup-profiler-editor-allocator-block-size=1048576"
    "memorysetup-temp-allocator-size-main=16777216"
    "memorysetup-job-temp-allocator-block-size=2097152"
    "memorysetup-job-temp-allocator-block-size-background=1048576"
    "memorysetup-job-temp-allocator-reduction-small-platforms=262144"
    "memorysetup-temp-allocator-size-background-worker=32768"
    "memorysetup-temp-allocator-size-job-worker=262144"
    "memorysetup-temp-allocator-size-preload-manager=33554432"
    "memorysetup-temp-allocator-size-nav-mesh-worker=65536"
    "memorysetup-temp-allocator-size-audio-worker=65536"
    "memorysetup-temp-allocator-size-cloud-worker=32768"
    "memorysetup-temp-allocator-size-gi-baking-worker=262144"
    "memorysetup-temp-allocator-size-gfx=262144"
Refreshing native plugins compatible for Editor in 94.69 ms, found 4 plugins.
Preloading 0 native plugins for Editor in 0.00 ms.
Initialize engine version: 2021.3.14f1 (eee1884e7226)
[Subsystems] Discovering subsystems at path C:/Program Files/Unity/Hub/Editor/2021.3.14f1/Editor/Data/Resources/UnitySubsystems
[Subsystems] Discovering subsystems at path C:/Users/Administrator/Desktop/Shooting Game/Assets
GfxDevice: creating device client; threaded=0; jobified=0
Direct3D:
    Version:  Direct3D 11.0 [level 11.1]
    Renderer: NVIDIA GeForce GTX 1660 (ID=0x2184)
    Vendor:   NVIDIA
    VRAM:     5980 MB
    Driver:   31.0.15.3623
Initialize mono
Mono path[0] = 'C:/Program Files/Unity/Hub/Editor/2021.3.14f1/Editor/Data/Managed'
Mono path[1] = 'C:/Program Files/Unity/Hub/Editor/2021.3.14f1/Editor/Data/MonoBleedingEdge/lib/mono/unityjit-win32'
Mono config path = 'C:/Program Files/Unity/Hub/Editor/2021.3.14f1/Editor/Data/MonoBleedingEdge/etc'
Using monoOptions --debugger-agent=transport=dt_socket,embedding=1,server=y,suspend=n,address=127.0.0.1:56916
Begin MonoManager ReloadAssembly
Registering precompiled unity dll's ...
Register platform support module: C:/Program Files/Unity/Hub/Editor/2021.3.14f1/Editor/Data/PlaybackEngines/AndroidPlayer/UnityEditor.Android.Extensions.dll
Register platform support module: C:/Program Files/Unity/Hub/Editor/2021.3.14f1/Editor/Data/PlaybackEngines/WindowsStandaloneSupport/UnityEditor.WindowsStandalone.Extensions.dll
Registered in 0.008811 seconds.
Native extension for WindowsStandalone target not found
Native extension for Android target not found
Refreshing native plugins compatible for Editor in 98.55 ms, found 4 plugins.
Preloading 0 native plugins for Editor in 0.00 ms.
Mono: successfully reloaded assembly
- Completed reload, in  0.692 seconds
Domain Reload Profiling:
	ReloadAssembly (692ms)
		BeginReloadAssembly (76ms)
			ExecutionOrderSort (0ms)
			DisableScriptedObjects (0ms)
			BackupInstance (0ms)
			ReleaseScriptingObjects (0ms)
			CreateAndSetChildDomain (1ms)
		EndReloadAssembly (506ms)
			LoadAssemblies (74ms)
			RebuildTransferFunctionScriptingTraits (0ms)
			SetupTypeCache (113ms)
			ReleaseScriptCaches (0ms)
			RebuildScriptCaches (34ms)
			SetupLoadedEditorAssemblies (307ms)
				LogAssemblyErrors (0ms)
				InitializePlatformSupportModulesInManaged (59ms)
				SetLoadedEditorAssemblies (0ms)
				RefreshPlugins (99ms)
				BeforeProcessingInitializeOnLoad (1ms)
				ProcessInitializeOnLoadAttributes (100ms)
				ProcessInitializeOnLoadMethodAttributes (47ms)
				AfterProcessingInitializeOnLoad (0ms)
				EditorAssembliesLoaded (0ms)
			ExecutionOrderSort2 (0ms)
			AwakeInstancesAfterBackupRestoration (0ms)
Platform modules already initialized, skipping
Registering precompiled user dll's ...
Registered in 0.008001 seconds.
Begin MonoManager ReloadAssembly
Symbol file LoadedFromMemory doesn't match image C:\Users\Administrator\Desktop\Shooting Game\Library\PackageCache\com.unity.visualscripting@1.7.8\Editor\VisualScripting.Core\Dependencies\YamlDotNet\Unity.VisualScripting.YamlDotNet.dll
Symbol file LoadedFromMemory doesn't match image C:\Users\Administrator\Desktop\Shooting Game\Library\PackageCache\com.unity.visualscripting@1.7.8\Editor\VisualScripting.Core\Dependencies\DotNetZip\Unity.VisualScripting.IonicZip.dll
Native extension for WindowsStandalone target not found
Native extension for Android target not found
Refreshing native plugins compatible for Editor in 92.87 ms, found 4 plugins.
Preloading 0 native plugins for Editor in 0.00 ms.
Mono: successfully reloaded assembly
- Completed reload, in  1.325 seconds
Domain Reload Profiling:
	ReloadAssembly (1326ms)
		BeginReloadAssembly (220ms)
			ExecutionOrderSort (0ms)
			DisableScriptedObjects (6ms)
			BackupInstance (0ms)
			ReleaseScriptingObjects (0ms)
			CreateAndSetChildDomain (131ms)
		EndReloadAssembly (956ms)
			LoadAssemblies (90ms)
			RebuildTransferFunctionScriptingTraits (0ms)
			SetupTypeCache (259ms)
			ReleaseScriptCaches (1ms)
			RebuildScriptCaches (61ms)
			SetupLoadedEditorAssemblies (496ms)
				LogAssemblyErrors (0ms)
				InitializePlatformSupportModulesInManaged (14ms)
				SetLoadedEditorAssemblies (0ms)
				RefreshPlugins (93ms)
				BeforeProcessingInitializeOnLoad (113ms)
				ProcessInitializeOnLoadAttributes (226ms)
				ProcessInitializeOnLoadMethodAttributes (40ms)
				AfterProcessingInitializeOnLoad (9ms)
				EditorAssembliesLoaded (0ms)
			ExecutionOrderSort2 (0ms)
			AwakeInstancesAfterBackupRestoration (7ms)
Platform modules already initialized, skipping
========================================================================
Worker process is ready to serve import requests
Launched and connected shader compiler UnityShaderCompiler.exe after 0.04 seconds
Refreshing native plugins compatible for Editor in 0.78 ms, found 4 plugins.
Preloading 0 native plugins for Editor in 0.00 ms.
Unloading 4043 Unused Serialized files (Serialized files now loaded: 0)
Unloading 38 unused Assets / (56.4 KB). Loaded Objects now: 4501.
Memory consumption went from 155.0 MB to 155.0 MB.
Total: 3.564400 ms (FindLiveObjects: 0.360400 ms CreateObjectMapping: 0.216400 ms MarkObjects: 2.921200 ms  DeleteObjects: 0.065700 ms)

AssetImportParameters requested are different than current active one (requested -> active):
  custom:video-decoder-ogg-theora: a1e56fd34408186e4bbccfd4996cb3dc -> 
  custom:container-muxer-webm: aa71ff27fc2769a1b78a27578f13a17b -> 
  custom:container-demuxer-webm: 4f35f7cbe854078d1ac9338744f61a02 -> 
  custom:video-encoder-webm-vp8: eb34c28f22e8b96e1ab97ce403110664 -> 
  custom:audio-encoder-webm-vorbis: bf7c407c2cedff20999df2af8eb42d56 -> 
  custom:framework-win-MediaFoundation: 216162199b28c13a410421893ffa2e32 -> 
  custom:container-demuxer-ogg: 62fdf1f143b41e24485cea50d1cbac27 -> 
  custom:video-decoder-webm-vp8: 9c59270c3fd7afecdb556c50c9e8de78 -> 
  custom:audio-decoder-ogg-vorbis: bf7c407c2cedff20999df2af8eb42d56 -> 
========================================================================
Received Import Request.
  Time since last request: 1028902.848824 seconds.
  path: Assets/Scenes/Game Scene.unity
  artifactKey: Guid(2cda990e2423bbf4892e6590ba056729) Importer(815301076,1909f56bfc062723c751e8b465ee728b)
Start importing Assets/Scenes/Game Scene.unity using Guid(2cda990e2423bbf4892e6590ba056729) Importer(815301076,1909f56bfc062723c751e8b465ee728b)  -> (artifact id: 'd76bcbebb177db29746f16c3c302e1cf') in 0.013898 seconds 
========================================================================
Received Prepare
Registering precompiled user dll's ...
Registered in 0.009266 seconds.
Begin MonoManager ReloadAssembly
Symbol file LoadedFromMemory doesn't match image C:\Users\Administrator\Desktop\Shooting Game\Library\PackageCache\com.unity.visualscripting@1.7.8\Editor\VisualScripting.Core\Dependencies\YamlDotNet\Unity.VisualScripting.YamlDotNet.dll
Symbol file LoadedFromMemory doesn't match image C:\Users\Administrator\Desktop\Shooting Game\Library\PackageCache\com.unity.visualscripting@1.7.8\Editor\VisualScripting.Core\Dependencies\DotNetZip\Unity.VisualScripting.IonicZip.dll
Native extension for WindowsStandalone target not found
Native extension for Android target not found
Refreshing native plugins compatible for Editor in 0.99 ms, found 4 plugins.
Preloading 0 native plugins for Editor in 0.00 ms.
Mono: successfully reloaded assembly
- Completed reload, in  1.232 seconds
Domain Reload Profiling:
	ReloadAssembly (1232ms)
		BeginReloadAssembly (154ms)
			ExecutionOrderSort (0ms)
			DisableScriptedObjects (7ms)
			BackupInstance (0ms)
			ReleaseScriptingObjects (0ms)
			CreateAndSetChildDomain (48ms)
		EndReloadAssembly (966ms)
			LoadAssemblies (110ms)
			RebuildTransferFunctionScriptingTraits (0ms)
			SetupTypeCache (298ms)
			ReleaseScriptCaches (2ms)
			RebuildScriptCaches (66ms)
			SetupLoadedEditorAssemblies (423ms)
				LogAssemblyErrors (0ms)
				InitializePlatformSupportModulesInManaged (27ms)
				SetLoadedEditorAssemblies (1ms)
				RefreshPlugins (1ms)
				BeforeProcessingInitializeOnLoad (101ms)
				ProcessInitializeOnLoadAttributes (241ms)
				ProcessInitializeOnLoadMethodAttributes (42ms)
				AfterProcessingInitializeOnLoad (9ms)
				EditorAssembliesLoaded (0ms)
			ExecutionOrderSort2 (0ms)
			AwakeInstancesAfterBackupRestoration (10ms)
Platform modules already initialized, skipping
Refreshing native plugins compatible for Editor in 2.92 ms, found 4 plugins.
Preloading 0 native plugins for Editor in 0.00 ms.
Unloading 4032 Unused Serialized files (Serialized files now loaded: 0)
Unloading 25 unused Assets / (24.6 KB). Loaded Objects now: 4504.
Memory consumption went from 154.4 MB to 154.4 MB.
Total: 3.152300 ms (FindLiveObjects: 0.330100 ms CreateObjectMapping: 0.191700 ms MarkObjects: 2.601200 ms  DeleteObjects: 0.028000 ms)

AssetImportParameters requested are different than current active one (requested -> active):
  custom:video-decoder-ogg-theora: a1e56fd34408186e4bbccfd4996cb3dc -> 
  custom:container-muxer-webm: aa71ff27fc2769a1b78a27578f13a17b -> 
  custom:container-demuxer-webm: 4f35f7cbe854078d1ac9338744f61a02 -> 
  custom:video-encoder-webm-vp8: eb34c28f22e8b96e1ab97ce403110664 -> 
  custom:audio-encoder-webm-vorbis: bf7c407c2cedff20999df2af8eb42d56 -> 
  custom:framework-win-MediaFoundation: 216162199b28c13a410421893ffa2e32 -> 
  custom:container-demuxer-ogg: 62fdf1f143b41e24485cea50d1cbac27 -> 
  custom:video-decoder-webm-vp8: 9c59270c3fd7afecdb556c50c9e8de78 -> 
  custom:audio-decoder-ogg-vorbis: bf7c407c2cedff20999df2af8eb42d56 -> 
========================================================================
Received Prepare
Registering precompiled user dll's ...
Registered in 0.008944 seconds.
Begin MonoManager ReloadAssembly
Symbol file LoadedFromMemory doesn't match image C:\Users\Administrator\Desktop\Shooting Game\Library\PackageCache\com.unity.visualscripting@1.7.8\Editor\VisualScripting.Core\Dependencies\YamlDotNet\Unity.VisualScripting.YamlDotNet.dll
Symbol file LoadedFromMemory doesn't match image C:\Users\Administrator\Desktop\Shooting Game\Library\PackageCache\com.unity.visualscripting@1.7.8\Editor\VisualScripting.Core\Dependencies\DotNetZip\Unity.VisualScripting.IonicZip.dll
Native extension for WindowsStandalone target not found
Native extension for Android target not found
Refreshing native plugins compatible for Editor in 1.59 ms, found 4 plugins.
Preloading 0 native plugins for Editor in 0.00 ms.
Mono: successfully reloaded assembly
- Completed reload, in  1.195 seconds
Domain Reload Profiling:
	ReloadAssembly (1196ms)
		BeginReloadAssembly (154ms)
			ExecutionOrderSort (0ms)
			DisableScriptedObjects (7ms)
			BackupInstance (0ms)
			ReleaseScriptingObjects (0ms)
			CreateAndSetChildDomain (45ms)
		EndReloadAssembly (933ms)
			LoadAssemblies (111ms)
			RebuildTransferFunctionScriptingTraits (0ms)
			SetupTypeCache (288ms)
			ReleaseScriptCaches (1ms)
			RebuildScriptCaches (56ms)
			SetupLoadedEditorAssemblies (418ms)
				LogAssemblyErrors (0ms)
				InitializePlatformSupportModulesInManaged (32ms)
				SetLoadedEditorAssemblies (1ms)
				RefreshPlugins (2ms)
				BeforeProcessingInitializeOnLoad (102ms)
				ProcessInitializeOnLoadAttributes (231ms)
				ProcessInitializeOnLoadMethodAttributes (40ms)
				AfterProcessingInitializeOnLoad (10ms)
				EditorAssembliesLoaded (0ms)
			ExecutionOrderSort2 (0ms)
			AwakeInstancesAfterBackupRestoration (13ms)
Platform modules already initialized, skipping
Refreshing native plugins compatible for Editor in 3.62 ms, found 4 plugins.
Preloading 0 native plugins for Editor in 0.00 ms.
Unloading 4032 Unused Serialized files (Serialized files now loaded: 0)
Unloading 25 unused Assets / (24.7 KB). Loaded Objects now: 4507.
Memory consumption went from 154.4 MB to 154.4 MB.
Total: 4.138300 ms (FindLiveObjects: 0.434500 ms CreateObjectMapping: 0.284400 ms MarkObjects: 3.324500 ms  DeleteObjects: 0.093400 ms)

AssetImportParameters requested are different than current active one (requested -> active):
  custom:video-decoder-ogg-theora: a1e56fd34408186e4bbccfd4996cb3dc -> 
  custom:container-muxer-webm: aa71ff27fc2769a1b78a27578f13a17b -> 
  custom:container-demuxer-webm: 4f35f7cbe854078d1ac9338744f61a02 -> 
  custom:video-encoder-webm-vp8: eb34c28f22e8b96e1ab97ce403110664 -> 
  custom:audio-encoder-webm-vorbis: bf7c407c2cedff20999df2af8eb42d56 -> 
  custom:framework-win-MediaFoundation: 216162199b28c13a410421893ffa2e32 -> 
  custom:container-demuxer-ogg: 62fdf1f143b41e24485cea50d1cbac27 -> 
  custom:video-decoder-webm-vp8: 9c59270c3fd7afecdb556c50c9e8de78 -> 
  custom:audio-decoder-ogg-vorbis: bf7c407c2cedff20999df2af8eb42d56 -> 
========================================================================
Received Import Request.
  Time since last request: 1104.942374 seconds.
  path: Assets/Stylized 2D Space Shooter - Free/Sprites
  artifactKey: Guid(f158d66483db5a046bffcb9850c731fc) Importer(815301076,1909f56bfc062723c751e8b465ee728b)
Start importing Assets/Stylized 2D Space Shooter - Free/Sprites using Guid(f158d66483db5a046bffcb9850c731fc) Importer(815301076,1909f56bfc062723c751e8b465ee728b)  -> (artifact id: 'd41a54d0f52a557e56b644724d8e3172') in 0.016366 seconds 
========================================================================
Received Import Request.
  Time since last request: 4.019608 seconds.
  path: Assets/Stylized 2D Space Shooter - Free/Sprites/Large
  artifactKey: Guid(71e738bee0fdea54b9cbca1c3aeb514c) Importer(815301076,1909f56bfc062723c751e8b465ee728b)
Start importing Assets/Stylized 2D Space Shooter - Free/Sprites/Large using Guid(71e738bee0fdea54b9cbca1c3aeb514c) Importer(815301076,1909f56bfc062723c751e8b465ee728b)  -> (artifact id: 'cd5c6498153a5ced6cfa527d9ff8f800') in 0.007337 seconds 
========================================================================
Received Import Request.
  Time since last request: 0.097597 seconds.
  path: Assets/Stylized 2D Space Shooter - Free/Sprites/Large/Boss_1_A_Large.png
  artifactKey: Guid(584de057b67f9df4c83abfaa791f901e) Importer(815301076,1909f56bfc062723c751e8b465ee728b)
Start importing Assets/Stylized 2D Space Shooter - Free/Sprites/Large/Boss_1_A_Large.png using Guid(584de057b67f9df4c83abfaa791f901e) Importer(815301076,1909f56bfc062723c751e8b465ee728b)  -> (artifact id: '990154eda08a5a95baa8c0f8435d4b84') in 0.201636 seconds 
========================================================================
Received Import Request.
  Time since last request: 0.000037 seconds.
  path: Assets/Stylized 2D Space Shooter - Free/Sprites/Large/Ship_2_B_Large.png
  artifactKey: Guid(708c8d0522a3ead44a2eee1fade3011a) Importer(815301076,1909f56bfc062723c751e8b465ee728b)
Start importing Assets/Stylized 2D Space Shooter - Free/Sprites/Large/Ship_2_B_Large.png using Guid(708c8d0522a3ead44a2eee1fade3011a) Importer(815301076,1909f56bfc062723c751e8b465ee728b)  -> (artifact id: 'b7f7aa6d995c858842c42814e07099f7') in 0.031075 seconds 
========================================================================
Received Import Request.
  Time since last request: 0.000033 seconds.
  path: Assets/Stylized 2D Space Shooter - Free/Sprites/Large/Enemy_1_D_Large.png
  artifactKey: Guid(163e58aff96be6b4aa7c37128bc7a8f3) Importer(815301076,1909f56bfc062723c751e8b465ee728b)
Start importing Assets/Stylized 2D Space Shooter - Free/Sprites/Large/Enemy_1_D_Large.png using Guid(163e58aff96be6b4aa7c37128bc7a8f3) Importer(815301076,1909f56bfc062723c751e8b465ee728b)  -> (artifact id: '71fef33eab1006d10f2a8769a2473701') in 0.045113 seconds 
========================================================================
Received Import Request.
  Time since last request: 0.000033 seconds.
  path: Assets/Stylized 2D Space Shooter - Free/Sprites/Large/Enemy_2_A_Large.png
  artifactKey: Guid(a18d1f268d794524e82e8b4f4e4c5496) Importer(815301076,1909f56bfc062723c751e8b465ee728b)
Start importing Assets/Stylized 2D Space Shooter - Free/Sprites/Large/Enemy_2_A_Large.png using Guid(a18d1f268d794524e82e8b4f4e4c5496) Importer(815301076,1909f56bfc062723c751e8b465ee728b)  -> (artifact id: 'c17b24b45e22313e8d08630d36a3a512') in 0.033413 seconds 
========================================================================
Received Import Request.
  Time since last request: 0.000030 seconds.
  path: Assets/Stylized 2D Space Shooter - Free/Sprites/Large/Pickup_2_D_Large.png
  artifactKey: Guid(2df2d1cad1c501a43b021eec60f0b0e8) Importer(815301076,1909f56bfc062723c751e8b465ee728b)
Start importing Assets/Stylized 2D Space Shooter - Free/Sprites/Large/Pickup_2_D_Large.png using Guid(2df2d1cad1c501a43b021eec60f0b0e8) Importer(815301076,1909f56bfc062723c751e8b465ee728b)  -> (artifact id: '0d37d3a90931669abb405e0e28c221f1') in 0.032055 seconds 
========================================================================
Received Import Request.
  Time since last request: 0.000024 seconds.
  path: Assets/Stylized 2D Space Shooter - Free/Sprites/Large/Ship_2_A_Large.png
  artifactKey: Guid(70934dd5e4b22074cbfbd39136f80035) Importer(815301076,1909f56bfc062723c751e8b465ee728b)
Start importing Assets/Stylized 2D Space Shooter - Free/Sprites/Large/Ship_2_A_Large.png using Guid(70934dd5e4b22074cbfbd39136f80035) Importer(815301076,1909f56bfc062723c751e8b465ee728b)  -> (artifact id: '37dac912be16e02bc9213e4f8619633b') in 0.030304 seconds 
========================================================================
Received Import Request.
  Time since last request: 0.000026 seconds.
  path: Assets/Stylized 2D Space Shooter - Free/Sprites/Large/Pickup_3_B_Large.png
  artifactKey: Guid(4fe1f3e118eda5f41b6b616b84eaeaf7) Importer(815301076,1909f56bfc062723c751e8b465ee728b)
Start importing Assets/Stylized 2D Space Shooter - Free/Sprites/Large/Pickup_3_B_Large.png using Guid(4fe1f3e118eda5f41b6b616b84eaeaf7) Importer(815301076,1909f56bfc062723c751e8b465ee728b)  -> (artifact id: '53db7c290f96017e3d72959df80f2f99') in 0.022074 seconds 
========================================================================
Received Import Request.
  Time since last request: 0.000024 seconds.
  path: Assets/Stylized 2D Space Shooter - Free/Sprites/Large/Pickup_1_C_Large.png
  artifactKey: Guid(4246adf94c7f9eb45ba1947c0453fee9) Importer(815301076,1909f56bfc062723c751e8b465ee728b)
Start importing Assets/Stylized 2D Space Shooter - Free/Sprites/Large/Pickup_1_C_Large.png using Guid(4246adf94c7f9eb45ba1947c0453fee9) Importer(815301076,1909f56bfc062723c751e8b465ee728b)  -> (artifact id: 'c6ab3549017bc79431ac3a5bdc115019') in 0.028424 seconds 
========================================================================
Received Import Request.
  Time since last request: 0.000033 seconds.
  path: Assets/Stylized 2D Space Shooter - Free/Sprites/Large/Ship_1_D_Large.png
  artifactKey: Guid(0b2eea960a3a6d74181dae066a704031) Importer(815301076,1909f56bfc062723c751e8b465ee728b)
Start importing Assets/Stylized 2D Space Shooter - Free/Sprites/Large/Ship_1_D_Large.png using Guid(0b2eea960a3a6d74181dae066a704031) Importer(815301076,1909f56bfc062723c751e8b465ee728b)  -> (artifact id: 'c7c0b9dbd7d291c282d599c6af5593c7') in 0.036594 seconds 
========================================================================
Received Import Request.
  Time since last request: 0.000036 seconds.
  path: Assets/Stylized 2D Space Shooter - Free/Sprites/Large/Enemy_1_B_Large.png
  artifactKey: Guid(e523a6da6e5ae224ba818a6c57853189) Importer(815301076,1909f56bfc062723c751e8b465ee728b)
Start importing Assets/Stylized 2D Space Shooter - Free/Sprites/Large/Enemy_1_B_Large.png using Guid(e523a6da6e5ae224ba818a6c57853189) Importer(815301076,1909f56bfc062723c751e8b465ee728b)  -> (artifact id: 'c91106bb07faab8f36bcfdde88678468') in 0.028352 seconds 
========================================================================
Received Import Request.
  Time since last request: 0.000025 seconds.
  path: Assets/Stylized 2D Space Shooter - Free/Sprites/Large/Missile_C_Large.png
  artifactKey: Guid(d26b0f548e9883d4eb87864d99c828c9) Importer(815301076,1909f56bfc062723c751e8b465ee728b)
Start importing Assets/Stylized 2D Space Shooter - Free/Sprites/Large/Missile_C_Large.png using Guid(d26b0f548e9883d4eb87864d99c828c9) Importer(815301076,1909f56bfc062723c751e8b465ee728b)  -> (artifact id: 'c8040907e562f0eaaf751735bc99c516') in 0.018911 seconds 
========================================================================
Received Import Request.
  Time since last request: 0.000023 seconds.
  path: Assets/Stylized 2D Space Shooter - Free/Sprites/Large/Enemy_1_C_Large.png
  artifactKey: Guid(c2e5154a3e65acc4ca197c4260cc07c0) Importer(815301076,1909f56bfc062723c751e8b465ee728b)
Start importing Assets/Stylized 2D Space Shooter - Free/Sprites/Large/Enemy_1_C_Large.png using Guid(c2e5154a3e65acc4ca197c4260cc07c0) Importer(815301076,1909f56bfc062723c751e8b465ee728b)  -> (artifact id: '24e3726a69ca51d45384037789d77c1c') in 0.031779 seconds 
========================================================================
Received Import Request.
  Time since last request: 0.000039 seconds.
  path: Assets/Stylized 2D Space Shooter - Free/Sprites/Large/Missile_A_Large.png
  artifactKey: Guid(7c318ac38eb0c9742a5cdf35c5f6d959) Importer(815301076,1909f56bfc062723c751e8b465ee728b)
Start importing Assets/Stylized 2D Space Shooter - Free/Sprites/Large/Missile_A_Large.png using Guid(7c318ac38eb0c9742a5cdf35c5f6d959) Importer(815301076,1909f56bfc062723c751e8b465ee728b)  -> (artifact id: 'a61264c95eb760751e67b0326ba0eebc') in 0.025654 seconds 
========================================================================
Received Import Request.
  Time since last request: 0.000033 seconds.
  path: Assets/Stylized 2D Space Shooter - Free/Sprites/Large/Pickup_1_D_Large.png
  artifactKey: Guid(0f2d92a0bbc1d294f8f5c2253aa72316) Importer(815301076,1909f56bfc062723c751e8b465ee728b)
Start importing Assets/Stylized 2D Space Shooter - Free/Sprites/Large/Pickup_1_D_Large.png using Guid(0f2d92a0bbc1d294f8f5c2253aa72316) Importer(815301076,1909f56bfc062723c751e8b465ee728b)  -> (artifact id: 'bdf50ba5ca7e2afe5e1f63c7c2c2a56e') in 0.021989 seconds 
========================================================================
Received Import Request.
  Time since last request: 0.000027 seconds.
  path: Assets/Stylized 2D Space Shooter - Free/Sprites/Large/Pickup_1_B_Large.png
  artifactKey: Guid(ae8d59edd749c5c46b6dd5503795e7c3) Importer(815301076,1909f56bfc062723c751e8b465ee728b)
Start importing Assets/Stylized 2D Space Shooter - Free/Sprites/Large/Pickup_1_B_Large.png using Guid(ae8d59edd749c5c46b6dd5503795e7c3) Importer(815301076,1909f56bfc062723c751e8b465ee728b)  -> (artifact id: '3df5a55e33ed89ae53c441b49e860880') in 0.023775 seconds 
========================================================================
Received Import Request.
  Time since last request: 0.000037 seconds.
  path: Assets/Stylized 2D Space Shooter - Free/Sprites/Large/Enemy_2_B_Large.png
  artifactKey: Guid(3519fd60cfb78fc4aabc3486818618e0) Importer(815301076,1909f56bfc062723c751e8b465ee728b)
Start importing Assets/Stylized 2D Space Shooter - Free/Sprites/Large/Enemy_2_B_Large.png using Guid(3519fd60cfb78fc4aabc3486818618e0) Importer(815301076,1909f56bfc062723c751e8b465ee728b)  -> (artifact id: '5faaafe0ffed896677300a912ea7802b') in 0.033275 seconds 
========================================================================
Received Import Request.
  Time since last request: 0.000042 seconds.
  path: Assets/Stylized 2D Space Shooter - Free/Sprites/Large/Ship_1_A_Large.png
  artifactKey: Guid(0eac6039300f41144a5d8408fbaeec38) Importer(815301076,1909f56bfc062723c751e8b465ee728b)
Start importing Assets/Stylized 2D Space Shooter - Free/Sprites/Large/Ship_1_A_Large.png using Guid(0eac6039300f41144a5d8408fbaeec38) Importer(815301076,1909f56bfc062723c751e8b465ee728b)  -> (artifact id: 'cd6807f060425b535c127654e05b38d1') in 0.028949 seconds 
========================================================================
Received Import Request.
  Time since last request: 3.029422 seconds.
  path: Assets/Stylized 2D Space Shooter - Free/Sprites/Medium/Boss_1_A_Medium.png
  artifactKey: Guid(174514226af9947449bc7e8d6ba2603e) Importer(815301076,1909f56bfc062723c751e8b465ee728b)
Start importing Assets/Stylized 2D Space Shooter - Free/Sprites/Medium/Boss_1_A_Medium.png using Guid(174514226af9947449bc7e8d6ba2603e) Importer(815301076,1909f56bfc062723c751e8b465ee728b)  -> (artifact id: '18caeff27bc22749e22436deaedf5f19') in 0.027531 seconds 
========================================================================
Received Import Request.
  Time since last request: 0.000037 seconds.
  path: Assets/Stylized 2D Space Shooter - Free/Sprites/Medium/Pickup_3_D_Medium.png
  artifactKey: Guid(26fba481ca28efc4294a064104fbb4f8) Importer(815301076,1909f56bfc062723c751e8b465ee728b)
Start importing Assets/Stylized 2D Space Shooter - Free/Sprites/Medium/Pickup_3_D_Medium.png using Guid(26fba481ca28efc4294a064104fbb4f8) Importer(815301076,1909f56bfc062723c751e8b465ee728b)  -> (artifact id: '678b7a178acabbed2c777444d054f8a4') in 0.016295 seconds 
========================================================================
Received Import Request.
  Time since last request: 0.000031 seconds.
  path: Assets/Stylized 2D Space Shooter - Free/Sprites/Medium/Pickup_3_A_Medium.png
  artifactKey: Guid(d71b4a78d424303498cc258241a9a448) Importer(815301076,1909f56bfc062723c751e8b465ee728b)
Start importing Assets/Stylized 2D Space Shooter - Free/Sprites/Medium/Pickup_3_A_Medium.png using Guid(d71b4a78d424303498cc258241a9a448) Importer(815301076,1909f56bfc062723c751e8b465ee728b)  -> (artifact id: '4da172e3fb4ca6adaa8cf7ee11b58194') in 0.018269 seconds 
========================================================================
Received Import Request.
  Time since last request: 0.000060 seconds.
  path: Assets/Stylized 2D Space Shooter - Free/Sprites/Medium/Enemy_2_A_Medium.png
  artifactKey: Guid(eb8b99d099fd5f240b682944aa0f0b8c) Importer(815301076,1909f56bfc062723c751e8b465ee728b)
Start importing Assets/Stylized 2D Space Shooter - Free/Sprites/Medium/Enemy_2_A_Medium.png using Guid(eb8b99d099fd5f240b682944aa0f0b8c) Importer(815301076,1909f56bfc062723c751e8b465ee728b)  -> (artifact id: '693dd935bcb83364c2812d1426f46c68') in 0.022307 seconds 
========================================================================
Received Import Request.
  Time since last request: 0.000025 seconds.
  path: Assets/Stylized 2D Space Shooter - Free/Sprites/Medium/Ship_2_A_Medium.png
  artifactKey: Guid(9829651262119ec45bd169dbd9b127aa) Importer(815301076,1909f56bfc062723c751e8b465ee728b)
Start importing Assets/Stylized 2D Space Shooter - Free/Sprites/Medium/Ship_2_A_Medium.png using Guid(9829651262119ec45bd169dbd9b127aa) Importer(815301076,1909f56bfc062723c751e8b465ee728b)  -> (artifact id: '5a7576f1795c3dd77e83460bb816b302') in 0.020518 seconds 
========================================================================
Received Import Request.
  Time since last request: 0.000027 seconds.
  path: Assets/Stylized 2D Space Shooter - Free/Sprites/Medium/Ship_1_C_Medium.png
  artifactKey: Guid(9ffdeca0da196d44f80ca3e8fdfbf684) Importer(815301076,1909f56bfc062723c751e8b465ee728b)
Start importing Assets/Stylized 2D Space Shooter - Free/Sprites/Medium/Ship_1_C_Medium.png using Guid(9ffdeca0da196d44f80ca3e8fdfbf684) Importer(815301076,1909f56bfc062723c751e8b465ee728b)  -> (artifact id: '717e4a16016b1e3994a5db0df0b0e00d') in 0.021130 seconds 
========================================================================
Received Import Request.
  Time since last request: 0.000077 seconds.
  path: Assets/Stylized 2D Space Shooter - Free/Sprites/Medium/Missile_B_Medium.png
  artifactKey: Guid(da523ed5c48806d4eb784bc9360ed0de) Importer(815301076,1909f56bfc062723c751e8b465ee728b)
Start importing Assets/Stylized 2D Space Shooter - Free/Sprites/Medium/Missile_B_Medium.png using Guid(da523ed5c48806d4eb784bc9360ed0de) Importer(815301076,1909f56bfc062723c751e8b465ee728b)  -> (artifact id: '1328d75d9cab49aa2fd9b1dc35102342') in 0.016000 seconds 
========================================================================
Received Import Request.
  Time since last request: 0.000017 seconds.
  path: Assets/Stylized 2D Space Shooter - Free/Sprites/Medium/Enemy_1_A_Medium.png
  artifactKey: Guid(2da3afa9b3caa7741be2ecab49e750e0) Importer(815301076,1909f56bfc062723c751e8b465ee728b)
Start importing Assets/Stylized 2D Space Shooter - Free/Sprites/Medium/Enemy_1_A_Medium.png using Guid(2da3afa9b3caa7741be2ecab49e750e0) Importer(815301076,1909f56bfc062723c751e8b465ee728b)  -> (artifact id: 'ffa0ce300938e6422576df0158d183cf') in 0.020784 seconds 
========================================================================
Received Import Request.
  Time since last request: 0.000036 seconds.
  path: Assets/Stylized 2D Space Shooter - Free/Sprites/Medium/Pickup_1_A_Medium.png
  artifactKey: Guid(1f962794decd2ba46b58b7fbcb6d786a) Importer(815301076,1909f56bfc062723c751e8b465ee728b)
Start importing Assets/Stylized 2D Space Shooter - Free/Sprites/Medium/Pickup_1_A_Medium.png using Guid(1f962794decd2ba46b58b7fbcb6d786a) Importer(815301076,1909f56bfc062723c751e8b465ee728b)  -> (artifact id: '58e122959510ba1a1abda5d41abe2d00') in 0.022826 seconds 
========================================================================
Received Import Request.
  Time since last request: 0.000079 seconds.
  path: Assets/Stylized 2D Space Shooter - Free/Sprites/Medium/Missile_C_Medium.png
  artifactKey: Guid(3c3875f2a29db15409577e3d7db63718) Importer(815301076,1909f56bfc062723c751e8b465ee728b)
Start importing Assets/Stylized 2D Space Shooter - Free/Sprites/Medium/Missile_C_Medium.png using Guid(3c3875f2a29db15409577e3d7db63718) Importer(815301076,1909f56bfc062723c751e8b465ee728b)  -> (artifact id: '042bbb7c37e547acda52b9380bdf0ece') in 0.023207 seconds 
========================================================================
Received Import Request.
  Time since last request: 0.000034 seconds.
  path: Assets/Stylized 2D Space Shooter - Free/Sprites/Medium/Ship_2_B_Medium.png
  artifactKey: Guid(74fd76772e171e544a37171ee30eb050) Importer(815301076,1909f56bfc062723c751e8b465ee728b)
Start importing Assets/Stylized 2D Space Shooter - Free/Sprites/Medium/Ship_2_B_Medium.png using Guid(74fd76772e171e544a37171ee30eb050) Importer(815301076,1909f56bfc062723c751e8b465ee728b)  -> (artifact id: '78c0d02d169a794893b7ddc123884b7e') in 0.029788 seconds 
========================================================================
Received Import Request.
  Time since last request: 0.000065 seconds.
  path: Assets/Stylized 2D Space Shooter - Free/Sprites/Medium/Pickup_1_B_Medium.png
  artifactKey: Guid(fc9311d8abea8db47ad2745b9bbb53bb) Importer(815301076,1909f56bfc062723c751e8b465ee728b)
Start importing Assets/Stylized 2D Space Shooter - Free/Sprites/Medium/Pickup_1_B_Medium.png using Guid(fc9311d8abea8db47ad2745b9bbb53bb) Importer(815301076,1909f56bfc062723c751e8b465ee728b)  -> (artifact id: '4815efa9077fe49ffc977fea1c8b1183') in 0.025345 seconds 
========================================================================
Received Import Request.
  Time since last request: 0.000070 seconds.
  path: Assets/Stylized 2D Space Shooter - Free/Sprites/Medium/Missile_A_Medium.png
  artifactKey: Guid(4938d4fb12553d34995be6aeca3118e4) Importer(815301076,1909f56bfc062723c751e8b465ee728b)
Start importing Assets/Stylized 2D Space Shooter - Free/Sprites/Medium/Missile_A_Medium.png using Guid(4938d4fb12553d34995be6aeca3118e4) Importer(815301076,1909f56bfc062723c751e8b465ee728b)  -> (artifact id: '2e12ae7ea38a52595ff38bb0279bc663') in 0.021301 seconds 
========================================================================
Received Import Request.
  Time since last request: 0.000057 seconds.
  path: Assets/Stylized 2D Space Shooter - Free/Sprites/Medium/Pickup_3_C_Medium.png
  artifactKey: Guid(417f25b39d7505044a332624ff93bed6) Importer(815301076,1909f56bfc062723c751e8b465ee728b)
Start importing Assets/Stylized 2D Space Shooter - Free/Sprites/Medium/Pickup_3_C_Medium.png using Guid(417f25b39d7505044a332624ff93bed6) Importer(815301076,1909f56bfc062723c751e8b465ee728b)  -> (artifact id: '8c2b0a6ff0bea6f4b58e224e55d28b8b') in 0.020791 seconds 
========================================================================
Received Import Request.
  Time since last request: 0.000040 seconds.
  path: Assets/Stylized 2D Space Shooter - Free/Sprites/Medium/Ship_1_A_Medium.png
  artifactKey: Guid(4a2c58b97584433418a837b65218a045) Importer(815301076,1909f56bfc062723c751e8b465ee728b)
Start importing Assets/Stylized 2D Space Shooter - Free/Sprites/Medium/Ship_1_A_Medium.png using Guid(4a2c58b97584433418a837b65218a045) Importer(815301076,1909f56bfc062723c751e8b465ee728b)  -> (artifact id: 'e97dca24e5a598c7ea5cf577f134c83f') in 0.024139 seconds 
========================================================================
Received Import Request.
  Time since last request: 0.000049 seconds.
  path: Assets/Stylized 2D Space Shooter - Free/Sprites/Medium/Pickup_2_B_Medium.png
  artifactKey: Guid(5cf88498d57711b43b4f7177075f336a) Importer(815301076,1909f56bfc062723c751e8b465ee728b)
Start importing Assets/Stylized 2D Space Shooter - Free/Sprites/Medium/Pickup_2_B_Medium.png using Guid(5cf88498d57711b43b4f7177075f336a) Importer(815301076,1909f56bfc062723c751e8b465ee728b)  -> (artifact id: '50d1166109a7068c9486bde76f7fb9cc') in 0.022240 seconds 
========================================================================
Received Import Request.
  Time since last request: 0.000025 seconds.
  path: Assets/Stylized 2D Space Shooter - Free/Sprites/Medium/Pickup_2_A_Medium.png
  artifactKey: Guid(6c9ffb4fc14e9e943a5d2102558a1ecc) Importer(815301076,1909f56bfc062723c751e8b465ee728b)
Start importing Assets/Stylized 2D Space Shooter - Free/Sprites/Medium/Pickup_2_A_Medium.png using Guid(6c9ffb4fc14e9e943a5d2102558a1ecc) Importer(815301076,1909f56bfc062723c751e8b465ee728b)  -> (artifact id: '0f9528e3a7d4784fd4c41a09d36833d0') in 0.019836 seconds 
========================================================================
Received Import Request.
  Time since last request: 0.318419 seconds.
  path: Assets/Stylized 2D Space Shooter - Free/Sprites/Small/Boss_1_B_Small.png
  artifactKey: Guid(b2630a91d04d0b54fbf651ee98a642f8) Importer(815301076,1909f56bfc062723c751e8b465ee728b)
Start importing Assets/Stylized 2D Space Shooter - Free/Sprites/Small/Boss_1_B_Small.png using Guid(b2630a91d04d0b54fbf651ee98a642f8) Importer(815301076,1909f56bfc062723c751e8b465ee728b)  -> (artifact id: '4dfee480d4005ec355f36e459e46b22f') in 0.024017 seconds 
========================================================================
Received Import Request.
  Time since last request: 0.000019 seconds.
  path: Assets/Stylized 2D Space Shooter - Free/Sprites/Small/Ship_1_C_Small.png
  artifactKey: Guid(51da9338945cbae42a542c75da040462) Importer(815301076,1909f56bfc062723c751e8b465ee728b)
Start importing Assets/Stylized 2D Space Shooter - Free/Sprites/Small/Ship_1_C_Small.png using Guid(51da9338945cbae42a542c75da040462) Importer(815301076,1909f56bfc062723c751e8b465ee728b)  -> (artifact id: '3c1fc2dfbc89383722f4025ace1aeb88') in 0.014201 seconds 
========================================================================
Received Import Request.
  Time since last request: 0.000034 seconds.
  path: Assets/Stylized 2D Space Shooter - Free/Sprites/Small/Pickup_3_C_Small.png
  artifactKey: Guid(d017d5c67de880d4d8f1dae6a928c0b8) Importer(815301076,1909f56bfc062723c751e8b465ee728b)
Start importing Assets/Stylized 2D Space Shooter - Free/Sprites/Small/Pickup_3_C_Small.png using Guid(d017d5c67de880d4d8f1dae6a928c0b8) Importer(815301076,1909f56bfc062723c751e8b465ee728b)  -> (artifact id: 'df676e9ec6cb06e64bd74f755178ef69') in 0.015750 seconds 
========================================================================
Received Import Request.
  Time since last request: 0.000028 seconds.
  path: Assets/Stylized 2D Space Shooter - Free/Sprites/Small/Enemy_1_B_Small.png
  artifactKey: Guid(369dbfe3e5502ca4f8aabfef2bb34f74) Importer(815301076,1909f56bfc062723c751e8b465ee728b)
Start importing Assets/Stylized 2D Space Shooter - Free/Sprites/Small/Enemy_1_B_Small.png using Guid(369dbfe3e5502ca4f8aabfef2bb34f74) Importer(815301076,1909f56bfc062723c751e8b465ee728b)  -> (artifact id: 'a58d20cadf9d2ea4389a10a664be2374') in 0.018452 seconds 
========================================================================
Received Import Request.
  Time since last request: 0.000020 seconds.
  path: Assets/Stylized 2D Space Shooter - Free/Sprites/Small/Enemy_2_B_Small.png
  artifactKey: Guid(1e06a1a2503f8d74d942d37110d27fa3) Importer(815301076,1909f56bfc062723c751e8b465ee728b)
Start importing Assets/Stylized 2D Space Shooter - Free/Sprites/Small/Enemy_2_B_Small.png using Guid(1e06a1a2503f8d74d942d37110d27fa3) Importer(815301076,1909f56bfc062723c751e8b465ee728b)  -> (artifact id: '750ad8d3f894b3e473670d849bb5215b') in 0.023891 seconds 
========================================================================
Received Import Request.
  Time since last request: 0.000022 seconds.
  path: Assets/Stylized 2D Space Shooter - Free/Sprites/Small/Ship_1_A_Small.png
  artifactKey: Guid(0759b980ba7bba3418353e085b8f3463) Importer(815301076,1909f56bfc062723c751e8b465ee728b)
Start importing Assets/Stylized 2D Space Shooter - Free/Sprites/Small/Ship_1_A_Small.png using Guid(0759b980ba7bba3418353e085b8f3463) Importer(815301076,1909f56bfc062723c751e8b465ee728b)  -> (artifact id: 'dcdfb6c051391031de18ac6c60e44dde') in 0.021040 seconds 
========================================================================
Received Import Request.
  Time since last request: 0.000060 seconds.
  path: Assets/Stylized 2D Space Shooter - Free/Sprites/Small/Enemy_1_D_Small.png
  artifactKey: Guid(8e3dba757ca69914da0a4a1c8783fd86) Importer(815301076,1909f56bfc062723c751e8b465ee728b)
Start importing Assets/Stylized 2D Space Shooter - Free/Sprites/Small/Enemy_1_D_Small.png using Guid(8e3dba757ca69914da0a4a1c8783fd86) Importer(815301076,1909f56bfc062723c751e8b465ee728b)  -> (artifact id: '5255c0595af65e2b39a6f1727d526b20') in 0.019941 seconds 
========================================================================
Received Import Request.
  Time since last request: 0.000037 seconds.
  path: Assets/Stylized 2D Space Shooter - Free/Sprites/Small/Enemy_1_C_Small.png
  artifactKey: Guid(38fce5fda7c03ed46b8f8e8c264be88a) Importer(815301076,1909f56bfc062723c751e8b465ee728b)
Start importing Assets/Stylized 2D Space Shooter - Free/Sprites/Small/Enemy_1_C_Small.png using Guid(38fce5fda7c03ed46b8f8e8c264be88a) Importer(815301076,1909f56bfc062723c751e8b465ee728b)  -> (artifact id: 'cc8cc4bc00437f8edd5882100e5e6898') in 0.016550 seconds 
========================================================================
Received Import Request.
  Time since last request: 0.000052 seconds.
  path: Assets/Stylized 2D Space Shooter - Free/Sprites/Small/Ship_2_D_Small.png
  artifactKey: Guid(c65ca52d0f0772d4c86bad63fdcf4742) Importer(815301076,1909f56bfc062723c751e8b465ee728b)
Start importing Assets/Stylized 2D Space Shooter - Free/Sprites/Small/Ship_2_D_Small.png using Guid(c65ca52d0f0772d4c86bad63fdcf4742) Importer(815301076,1909f56bfc062723c751e8b465ee728b)  -> (artifact id: '5b41c9ae6493799800cf2e0dcba98a42') in 0.016996 seconds 
========================================================================
Received Import Request.
  Time since last request: 0.000023 seconds.
  path: Assets/Stylized 2D Space Shooter - Free/Sprites/Small/Pickup_1_D_Small.png
  artifactKey: Guid(04bec3e1be154f44185c6a893d51c830) Importer(815301076,1909f56bfc062723c751e8b465ee728b)
Start importing Assets/Stylized 2D Space Shooter - Free/Sprites/Small/Pickup_1_D_Small.png using Guid(04bec3e1be154f44185c6a893d51c830) Importer(815301076,1909f56bfc062723c751e8b465ee728b)  -> (artifact id: '47bfa88e003cfa979e21a586e0fcacca') in 0.014024 seconds 
========================================================================
Received Import Request.
  Time since last request: 0.000070 seconds.
  path: Assets/Stylized 2D Space Shooter - Free/Sprites/Small/Missile_D_Small.png
  artifactKey: Guid(228e144b3ca2cd142870ff07d4fa53f5) Importer(815301076,1909f56bfc062723c751e8b465ee728b)
Start importing Assets/Stylized 2D Space Shooter - Free/Sprites/Small/Missile_D_Small.png using Guid(228e144b3ca2cd142870ff07d4fa53f5) Importer(815301076,1909f56bfc062723c751e8b465ee728b)  -> (artifact id: '9d211b9d353ea7a9e5d543991de0e617') in 0.118632 seconds 
Editor requested this worker to shutdown with reason: Scaling down because of idle timeout
AssetImportWorker is now disconnected from the server
Process exiting
Exiting without the bug reporter. Application will terminate with return code 0